Using pre-set license
Built from '2020.2/release' branch; Version is '2020.2.1f1 (270dd8c3da1c) revision 2559448'; Using compiler version '192528614'; Build Type 'Release'
OS: 'Windows 10  (10.0.0) 64bit' Language: 'en' Physical Memory: 32697 MB
BatchMode: 1, IsHumanControllingUs: 0, StartBugReporterOnCrash: 0, Is64bit: 1, IsPro: 0

 COMMAND LINE ARGUMENTS:
C:\Program Files\Unity\Hub\Editor\2020.2.1f1\Editor\Unity.exe
-adb2
-batchMode
-noUpm
-name
AssetImportWorker0
-projectPath
D:/Projects/mesh-cutters
-logFile
Logs/AssetImportWorker0.log
-srvPort
61089
Successfully changed project path to: D:/Projects/mesh-cutters
D:/Projects/mesh-cutters
Using Asset Import Pipeline V2.
Refreshing native plugins compatible for Editor in 71.21 ms, found 0 plugins.
Preloading 0 native plugins for Editor in 0.00 ms.
Initialize engine version: 2020.2.1f1 (270dd8c3da1c)
[Subsystems] Discovering subsystems at path C:/Program Files/Unity/Hub/Editor/2020.2.1f1/Editor/Data/Resources/UnitySubsystems
[Subsystems] Discovering subsystems at path D:/Projects/mesh-cutters/Assets
GfxDevice: creating device client; threaded=0
Direct3D:
    Version:  Direct3D 11.0 [level 11.1]
    Renderer: NVIDIA GeForce GTX 1660 SUPER (ID=0x21c4)
    Vendor:   
    VRAM:     5991 MB
    Driver:   26.21.14.4108
Initialize mono
Mono path[0] = 'C:/Program Files/Unity/Hub/Editor/2020.2.1f1/Editor/Data/Managed'
Mono path[1] = 'C:/Program Files/Unity/Hub/Editor/2020.2.1f1/Editor/Data/MonoBleedingEdge/lib/mono/unityjit'
Mono config path = 'C:/Program Files/Unity/Hub/Editor/2020.2.1f1/Editor/Data/MonoBleedingEdge/etc'
Using monoOptions --debugger-agent=transport=dt_socket,embedding=1,server=y,suspend=n,address=127.0.0.1:56932
Begin MonoManager ReloadAssembly
Registering precompiled unity dll's ...
Register platform support module: C:/Program Files/Unity/Hub/Editor/2020.2.1f1/Editor/Data/PlaybackEngines/WindowsStandaloneSupport/UnityEditor.WindowsStandalone.Extensions.dll
Registered in 0.001872 seconds.
Native extension for WindowsStandalone target not found
Refreshing native plugins compatible for Editor in 167.07 ms, found 0 plugins.
Preloading 0 native plugins for Editor in 0.00 ms.
Invoked RoslynAnalysisRunner static constructor.
RoslynAnalysisRunner will not be running.
RoslynAnalysisRunner has terminated.
Mono: successfully reloaded assembly
- Completed reload, in  1.751 seconds
Platform modules already initialized, skipping
Registering precompiled user dll's ...
Registered in 0.005447 seconds.
Begin MonoManager ReloadAssembly
Native extension for WindowsStandalone target not found
Refreshing native plugins compatible for Editor in 157.07 ms, found 0 plugins.
Preloading 0 native plugins for Editor in 0.00 ms.
Invoked RoslynAnalysisRunner static constructor.
RoslynAnalysisRunner will not be running.
RoslynAnalysisRunner has terminated.
Mono: successfully reloaded assembly
- Completed reload, in  2.951 seconds
Platform modules already initialized, skipping
========================================================================
Worker process is ready to serve import requests
Launched and connected shader compiler UnityShaderCompiler.exe after 0.08 seconds
Refreshing native plugins compatible for Editor in 1.77 ms, found 0 plugins.
Preloading 0 native plugins for Editor in 0.00 ms.
Unloading 3466 Unused Serialized files (Serialized files now loaded: 0)
System memory in use before: 165.5 MB.
System memory in use after: 161.7 MB.

Unloading 47 unused Assets to reduce memory usage. Loaded Objects now: 3886.
Total: 11.207500 ms (FindLiveObjects: 0.752700 ms CreateObjectMapping: 0.485300 ms MarkObjects: 5.068900 ms  DeleteObjects: 4.898500 ms)

========================================================================
Received Import Request.
  path: Assets/VFXDefaultResources.asset
  artifactKey: Guid(145290c901d58b343bdeb3b4362c9ff2) Importer(815301076,1909f56bfc062723c751e8b465ee728b)
Start importing Assets/VFXDefaultResources.asset using Guid(145290c901d58b343bdeb3b4362c9ff2) Importer(815301076,1909f56bfc062723c751e8b465ee728b)  -> (artifact id: '26c3c5ed4c46f39e656425c392f993b3') in 0.123109 seconds
  Import took 0.142571 seconds .

========================================================================
Received Import Request.
  Time since last request: 0.000429 seconds.
  path: Assets/Scenes
  artifactKey: Guid(6b227120aca5e554c8b055827389ed4a) Importer(815301076,1909f56bfc062723c751e8b465ee728b)
Start importing Assets/Scenes using Guid(6b227120aca5e554c8b055827389ed4a) Importer(815301076,1909f56bfc062723c751e8b465ee728b)  -> (artifact id: 'a685a343696f1863404345ffe5778bd2') in 0.012038 seconds
  Import took 0.025214 seconds .

========================================================================
Received Import Request.
  Time since last request: 0.000418 seconds.
  path: Assets/Readme.asset
  artifactKey: Guid(83c2ed844a8c74b779a4c823d16594b1) Importer(815301076,1909f56bfc062723c751e8b465ee728b)
Start importing Assets/Readme.asset using Guid(83c2ed844a8c74b779a4c823d16594b1) Importer(815301076,1909f56bfc062723c751e8b465ee728b)  -> (artifact id: 'e3b4d58460ba3e3bc17b75710c1dac99') in 0.013877 seconds
  Import took 0.022778 seconds .

========================================================================
Received Import Request.
  Time since last request: 2.381030 seconds.
  path: Assets/Scenes/MeshCutting.unity
  artifactKey: Guid(73aa39efa8769b440b29180707b10088) Importer(815301076,1909f56bfc062723c751e8b465ee728b)
Start importing Assets/Scenes/MeshCutting.unity using Guid(73aa39efa8769b440b29180707b10088) Importer(815301076,1909f56bfc062723c751e8b465ee728b)  -> (artifact id: 'a6b6669b02716fd6498749d511568381') in 0.010881 seconds
  Import took 0.024501 seconds .

========================================================================
Received Import Request.
  Time since last request: 0.005474 seconds.
  path: Assets/Scenes/MeshCutting.unity
  artifactKey: Guid(73aa39efa8769b440b29180707b10088) Importer(815301076,1909f56bfc062723c751e8b465ee728b)
Start importing Assets/Scenes/MeshCutting.unity using Guid(73aa39efa8769b440b29180707b10088) Importer(815301076,1909f56bfc062723c751e8b465ee728b)  -> (artifact id: 'a6b6669b02716fd6498749d511568381') in 0.005164 seconds
  Import took 0.013692 seconds .

========================================================================
Received Import Request.
  Time since last request: 6.251730 seconds.
  path: Assets/Scenes/Pollen.unity
  artifactKey: Guid(7374284d5450140468bd4c60440bd1fe) Importer(815301076,1909f56bfc062723c751e8b465ee728b)
Start importing Assets/Scenes/Pollen.unity using Guid(7374284d5450140468bd4c60440bd1fe) Importer(815301076,1909f56bfc062723c751e8b465ee728b)  -> (artifact id: '36a7d10ee9e292ecc7aeaca43f8a26ec') in 0.010197 seconds
  Import took 0.017907 seconds .

========================================================================
Received Import Request.
  Time since last request: 1.705886 seconds.
  path: Assets/Scenes/Wheat.unity
  artifactKey: Guid(53eb26226cd3c994ca337cfe162cdb37) Importer(815301076,1909f56bfc062723c751e8b465ee728b)
Start importing Assets/Scenes/Wheat.unity using Guid(53eb26226cd3c994ca337cfe162cdb37) Importer(815301076,1909f56bfc062723c751e8b465ee728b)  -> (artifact id: '170864f2814ad23174f2a9e4827cbe30') in 0.013425 seconds
  Import took 0.026365 seconds .

========================================================================
Received Import Request.
  Time since last request: 0.001071 seconds.
  path: Assets/Scenes/Wheat.unity
  artifactKey: Guid(53eb26226cd3c994ca337cfe162cdb37) Importer(815301076,1909f56bfc062723c751e8b465ee728b)
Start importing Assets/Scenes/Wheat.unity using Guid(53eb26226cd3c994ca337cfe162cdb37) Importer(815301076,1909f56bfc062723c751e8b465ee728b)  -> (artifact id: '170864f2814ad23174f2a9e4827cbe30') in 0.004253 seconds
  Import took 0.011906 seconds .

========================================================================
Received Import Request.
  Time since last request: 43.366535 seconds.
  path: Assets/ParticleLauncher.cs
  artifactKey: Guid(d118a5301b36f44148581bbfb0bd734c) Importer(815301076,1909f56bfc062723c751e8b465ee728b)
Start importing Assets/ParticleLauncher.cs using Guid(d118a5301b36f44148581bbfb0bd734c) Importer(815301076,1909f56bfc062723c751e8b465ee728b)  -> (artifact id: '3f3db18cc73edf6ceb88dbc7754191e8') in 0.030219 seconds
  Import took 0.050544 seconds .

========================================================================
Received Import Request.
  Time since last request: 0.117945 seconds.
  path: Assets/ParticleLauncher.cs
  artifactKey: Guid(d118a5301b36f44148581bbfb0bd734c) Importer(815301076,1909f56bfc062723c751e8b465ee728b)
Start importing Assets/ParticleLauncher.cs using Guid(d118a5301b36f44148581bbfb0bd734c) Importer(815301076,1909f56bfc062723c751e8b465ee728b)  -> (artifact id: '3f3db18cc73edf6ceb88dbc7754191e8') in 0.007009 seconds
  Import took 0.022781 seconds .

========================================================================
Received Import Request.
  Time since last request: 27.151058 seconds.
  path: Assets/new_125wheat
  artifactKey: Guid(e8c980acf365e4f95a31a6b02e39257f) Importer(815301076,1909f56bfc062723c751e8b465ee728b)
Start importing Assets/new_125wheat using Guid(e8c980acf365e4f95a31a6b02e39257f) Importer(815301076,1909f56bfc062723c751e8b465ee728b)  -> (artifact id: 'bd4e1f2c18bdcc3d9c7e488199af2825') in 0.016054 seconds
  Import took 0.029686 seconds .

========================================================================
Received Import Request.
  Time since last request: 0.005194 seconds.
  path: Assets/new_125wheat
  artifactKey: Guid(e8c980acf365e4f95a31a6b02e39257f) Importer(815301076,1909f56bfc062723c751e8b465ee728b)
Start importing Assets/new_125wheat using Guid(e8c980acf365e4f95a31a6b02e39257f) Importer(815301076,1909f56bfc062723c751e8b465ee728b)  -> (artifact id: 'bd4e1f2c18bdcc3d9c7e488199af2825') in 0.006051 seconds
  Import took 0.020260 seconds .

========================================================================
Received Import Request.
  Time since last request: 9.106017 seconds.
  path: Assets/Prefabs
  artifactKey: Guid(ad45eef78209241dbb4085ce7bd1520c) Importer(815301076,1909f56bfc062723c751e8b465ee728b)
Start importing Assets/Prefabs using Guid(ad45eef78209241dbb4085ce7bd1520c) Importer(815301076,1909f56bfc062723c751e8b465ee728b)  -> (artifact id: '741d57ab9125c4cf38c2022041b2f6d7') in 0.018113 seconds
  Import took 0.031716 seconds .

========================================================================
Received Import Request.
  Time since last request: 0.008037 seconds.
  path: Assets/Prefabs/Pollen.prefab
  artifactKey: Guid(bb045db5b8cd748429f3f25fd61fc377) Importer(815301076,1909f56bfc062723c751e8b465ee728b)
Start importing Assets/Prefabs/Pollen.prefab using Guid(bb045db5b8cd748429f3f25fd61fc377) Importer(815301076,1909f56bfc062723c751e8b465ee728b)  -> (artifact id: '3df199b4def05935d8580a94bb6e9722') in 3.531535 seconds
  Import took 3.547145 seconds .

========================================================================
Received Prepare
Registering precompiled user dll's ...
Registered in 0.027379 seconds.
Begin MonoManager ReloadAssembly
Native extension for WindowsStandalone target not found
Refreshing native plugins compatible for Editor in 1.81 ms, found 0 plugins.
Preloading 0 native plugins for Editor in 0.00 ms.
Invoked RoslynAnalysisRunner static constructor.
RoslynAnalysisRunner will not be running.
RoslynAnalysisRunner has terminated.
Mono: successfully reloaded assembly
- Completed reload, in  2.522 seconds
Platform modules already initialized, skipping
Refreshing native plugins compatible for Editor in 1.37 ms, found 0 plugins.
Preloading 0 native plugins for Editor in 0.00 ms.
Unloading 3236 Unused Serialized files (Serialized files now loaded: 0)
System memory in use before: 166.8 MB.
System memory in use after: 164.6 MB.

Unloading 33 unused Assets to reduce memory usage. Loaded Objects now: 4032.
Total: 16.594000 ms (FindLiveObjects: 1.464900 ms CreateObjectMapping: 0.622000 ms MarkObjects: 7.354300 ms  DeleteObjects: 7.149800 ms)

========================================================================
Received Import Request.
  Time since last request: 155.483403 seconds.
  path: ProjectSettings/TagManager.asset
  artifactKey: Guid(00000000000000003000000000000000) Importer(815301076,1909f56bfc062723c751e8b465ee728b)
Start importing ProjectSettings/TagManager.asset using Guid(00000000000000003000000000000000) Importer(815301076,1909f56bfc062723c751e8b465ee728b)  -> (artifact id: 'fb35052684594f0c78f4c024799020e7') in 0.038848 seconds
  Import took 0.052661 seconds .

========================================================================
Received Prepare
Registering precompiled user dll's ...
Registered in 0.003046 seconds.
Begin MonoManager ReloadAssembly
Native extension for WindowsStandalone target not found
Refreshing native plugins compatible for Editor in 1.54 ms, found 0 plugins.
Preloading 0 native plugins for Editor in 0.00 ms.
Invoked RoslynAnalysisRunner static constructor.
RoslynAnalysisRunner will not be running.
RoslynAnalysisRunner has terminated.
Mono: successfully reloaded assembly
- Completed reload, in  2.784 seconds
Platform modules already initialized, skipping
Refreshing native plugins compatible for Editor in 3.34 ms, found 0 plugins.
Preloading 0 native plugins for Editor in 0.00 ms.
Unloading 3216 Unused Serialized files (Serialized files now loaded: 0)
System memory in use before: 165.9 MB.
System memory in use after: 163.7 MB.

Unloading 34 unused Assets to reduce memory usage. Loaded Objects now: 4034.
Total: 12.908300 ms (FindLiveObjects: 1.154200 ms CreateObjectMapping: 0.797200 ms MarkObjects: 5.319500 ms  DeleteObjects: 5.634400 ms)

AssetImportWorkerClient::OnTransportError - code=2 error=End of file
