Using pre-set license
Built from '2020.2/release' branch; Version is '2020.2.1f1 (270dd8c3da1c) revision 2559448'; Using compiler version '192528614'; Build Type 'Release'
OS: 'Windows 10  (10.0.0) 64bit' Language: 'en' Physical Memory: 32697 MB
BatchMode: 1, IsHumanControllingUs: 0, StartBugReporterOnCrash: 0, Is64bit: 1, IsPro: 0

 COMMAND LINE ARGUMENTS:
C:\Program Files\Unity\Hub\Editor\2020.2.1f1\Editor\Unity.exe
-adb2
-batchMode
-noUpm
-name
AssetImportWorker0
-projectPath
D:/Projects/mesh-cutters
-logFile
Logs/AssetImportWorker0.log
-srvPort
61620
Successfully changed project path to: D:/Projects/mesh-cutters
D:/Projects/mesh-cutters
Using Asset Import Pipeline V2.
Refreshing native plugins compatible for Editor in 70.43 ms, found 0 plugins.
Preloading 0 native plugins for Editor in 0.00 ms.
Initialize engine version: 2020.2.1f1 (270dd8c3da1c)
[Subsystems] Discovering subsystems at path C:/Program Files/Unity/Hub/Editor/2020.2.1f1/Editor/Data/Resources/UnitySubsystems
[Subsystems] Discovering subsystems at path D:/Projects/mesh-cutters/Assets
GfxDevice: creating device client; threaded=0
Direct3D:
    Version:  Direct3D 11.0 [level 11.1]
    Renderer: NVIDIA GeForce GTX 1660 SUPER (ID=0x21c4)
    Vendor:   
    VRAM:     5991 MB
    Driver:   26.21.14.4108
Initialize mono
Mono path[0] = 'C:/Program Files/Unity/Hub/Editor/2020.2.1f1/Editor/Data/Managed'
Mono path[1] = 'C:/Program Files/Unity/Hub/Editor/2020.2.1f1/Editor/Data/MonoBleedingEdge/lib/mono/unityjit'
Mono config path = 'C:/Program Files/Unity/Hub/Editor/2020.2.1f1/Editor/Data/MonoBleedingEdge/etc'
Using monoOptions --debugger-agent=transport=dt_socket,embedding=1,server=y,suspend=n,address=127.0.0.1:56384
Begin MonoManager ReloadAssembly
Registering precompiled unity dll's ...
Register platform support module: C:/Program Files/Unity/Hub/Editor/2020.2.1f1/Editor/Data/PlaybackEngines/WindowsStandaloneSupport/UnityEditor.WindowsStandalone.Extensions.dll
Registered in 0.001630 seconds.
Native extension for WindowsStandalone target not found
Refreshing native plugins compatible for Editor in 72.16 ms, found 0 plugins.
Preloading 0 native plugins for Editor in 0.00 ms.
Invoked RoslynAnalysisRunner static constructor.
RoslynAnalysisRunner will not be running.
RoslynAnalysisRunner has terminated.
Mono: successfully reloaded assembly
- Completed reload, in  1.140 seconds
Platform modules already initialized, skipping
Registering precompiled user dll's ...
Registered in 0.001378 seconds.
Begin MonoManager ReloadAssembly
Native extension for WindowsStandalone target not found
Refreshing native plugins compatible for Editor in 75.33 ms, found 0 plugins.
Preloading 0 native plugins for Editor in 0.00 ms.
Invoked RoslynAnalysisRunner static constructor.
RoslynAnalysisRunner will not be running.
RoslynAnalysisRunner has terminated.
Mono: successfully reloaded assembly
- Completed reload, in  1.345 seconds
Platform modules already initialized, skipping
========================================================================
Worker process is ready to serve import requests
Launched and connected shader compiler UnityShaderCompiler.exe after 0.04 seconds
Refreshing native plugins compatible for Editor in 0.64 ms, found 0 plugins.
Preloading 0 native plugins for Editor in 0.00 ms.
Unloading 3468 Unused Serialized files (Serialized files now loaded: 0)
System memory in use before: 171.3 MB.
System memory in use after: 171.6 MB.

Unloading 11 unused Assets to reduce memory usage. Loaded Objects now: 3925.
Total: 2.644800 ms (FindLiveObjects: 0.349400 ms CreateObjectMapping: 0.095300 ms MarkObjects: 2.140200 ms  DeleteObjects: 0.058800 ms)

========================================================================
Received Import Request.
  path: Assets/Art/Materials
  artifactKey: Guid(d2f531f5d83256a4bae958b795984094) Importer(815301076,1909f56bfc062723c751e8b465ee728b)
Start importing Assets/Art/Materials using Guid(d2f531f5d83256a4bae958b795984094) Importer(815301076,1909f56bfc062723c751e8b465ee728b)  -> (artifact id: '020e271c086f50284b63558896f98353') in 0.013713 seconds
  Import took 0.020376 seconds .

========================================================================
Received Import Request.
  Time since last request: 0.000288 seconds.
  path: Assets/Animations/ScreenshotsTimeline.playable
  artifactKey: Guid(a68e4ad89ad65c04981239cc0044a707) Importer(815301076,1909f56bfc062723c751e8b465ee728b)
Start importing Assets/Animations/ScreenshotsTimeline.playable using Guid(a68e4ad89ad65c04981239cc0044a707) Importer(815301076,1909f56bfc062723c751e8b465ee728b)  -> (artifact id: '11085417c2bba12fefc7ffa8d2b8c81e') in 0.052429 seconds
  Import took 0.057937 seconds .

========================================================================
Received Import Request.
  Time since last request: 0.000194 seconds.
  path: Assets/Animations
  artifactKey: Guid(a083f9776c2650d4c8b1058f9506505d) Importer(815301076,1909f56bfc062723c751e8b465ee728b)
Start importing Assets/Animations using Guid(a083f9776c2650d4c8b1058f9506505d) Importer(815301076,1909f56bfc062723c751e8b465ee728b)  -> (artifact id: '0059008dad08d18e504ad59f32ac229d') in 0.007072 seconds
  Import took 0.012190 seconds .

========================================================================
Received Import Request.
  Time since last request: 0.000252 seconds.
  path: Assets/Art
  artifactKey: Guid(5192db317307b1740bf2bd5db2e46958) Importer(815301076,1909f56bfc062723c751e8b465ee728b)
Start importing Assets/Art using Guid(5192db317307b1740bf2bd5db2e46958) Importer(815301076,1909f56bfc062723c751e8b465ee728b)  -> (artifact id: '76c4c20417fa593efd649bb4b288dbeb') in 0.006594 seconds
  Import took 0.011932 seconds .

========================================================================
Received Import Request.
  Time since last request: 0.000464 seconds.
  path: Assets/Animations/CinematicsTimeline.playable
  artifactKey: Guid(5a54d61bc58f43341aa47f398b54ed14) Importer(815301076,1909f56bfc062723c751e8b465ee728b)
Start importing Assets/Animations/CinematicsTimeline.playable using Guid(5a54d61bc58f43341aa47f398b54ed14) Importer(815301076,1909f56bfc062723c751e8b465ee728b)  -> (artifact id: 'de77bc3d885637eb85677ebc5f3054f4') in 0.018247 seconds
  Import took 0.023968 seconds .

========================================================================
Received Import Request.
  Time since last request: 0.496981 seconds.
  path: Assets/Art/Materials/General
  artifactKey: Guid(1de836dbad915f04784a815ead4ffc54) Importer(815301076,1909f56bfc062723c751e8b465ee728b)
Start importing Assets/Art/Materials/General using Guid(1de836dbad915f04784a815ead4ffc54) Importer(815301076,1909f56bfc062723c751e8b465ee728b)  -> (artifact id: '5c40ef0a92858832cc25a7dd19200ca1') in 0.006264 seconds
  Import took 0.011118 seconds .

========================================================================
Received Import Request.
  Time since last request: 0.057745 seconds.
  path: Assets/Art/Materials/General/Aluminium_Mat.mat
  artifactKey: Guid(7e2338eeff7d3b0439250086f961228b) Importer(815301076,1909f56bfc062723c751e8b465ee728b)
Start importing Assets/Art/Materials/General/Aluminium_Mat.mat using Guid(7e2338eeff7d3b0439250086f961228b) Importer(815301076,1909f56bfc062723c751e8b465ee728b)  -> (artifact id: 'ba814181089168e3c582bf1aa9c6be10') in 1.244048 seconds
  Import took 1.249814 seconds .

========================================================================
Received Import Request.
  Time since last request: 0.000191 seconds.
  path: Assets/Art/Materials/General/WoodLight_Mat.mat
  artifactKey: Guid(4e5d77e737d61bc4582d0aff8c34e9ee) Importer(815301076,1909f56bfc062723c751e8b465ee728b)
Start importing Assets/Art/Materials/General/WoodLight_Mat.mat using Guid(4e5d77e737d61bc4582d0aff8c34e9ee) Importer(815301076,1909f56bfc062723c751e8b465ee728b)  -> (artifact id: '1cb9f12317c84eefc08ec115a70b4122') in 0.392342 seconds
  Import took 0.397370 seconds .

========================================================================
Received Import Request.
  Time since last request: 0.000271 seconds.
  path: Assets/Art/Materials/General/ConcreteSmooth_Mat.mat
  artifactKey: Guid(975c89d1f9e67f24a88b46d50fc95a09) Importer(815301076,1909f56bfc062723c751e8b465ee728b)
Start importing Assets/Art/Materials/General/ConcreteSmooth_Mat.mat using Guid(975c89d1f9e67f24a88b46d50fc95a09) Importer(815301076,1909f56bfc062723c751e8b465ee728b)  -> (artifact id: '153d4ee9abe50a2bfdf8d91000359a53') in 0.584969 seconds
  Import took 0.590052 seconds .

========================================================================
Received Import Request.
  Time since last request: 0.000173 seconds.
  path: Assets/Art/Materials/General/Drain_Mat.mat
  artifactKey: Guid(695771bab024a834dbb2756b86ed03ef) Importer(815301076,1909f56bfc062723c751e8b465ee728b)
Start importing Assets/Art/Materials/General/Drain_Mat.mat using Guid(695771bab024a834dbb2756b86ed03ef) Importer(815301076,1909f56bfc062723c751e8b465ee728b)  -> (artifact id: 'ad48816c5e7093d02c6d00e185339020') in 0.045199 seconds
  Import took 0.050126 seconds .

========================================================================
Received Import Request.
  Time since last request: 0.000169 seconds.
  path: Assets/Art/Materials/General/GlassDirt_Mat.mat
  artifactKey: Guid(cb70645871dc2f74981c86ec014a1cdf) Importer(815301076,1909f56bfc062723c751e8b465ee728b)
Start importing Assets/Art/Materials/General/GlassDirt_Mat.mat using Guid(cb70645871dc2f74981c86ec014a1cdf) Importer(815301076,1909f56bfc062723c751e8b465ee728b)  -> (artifact id: 'ee740980ecd6f9a97915577c02a42be2') in 14.064483 seconds
  Import took 14.069482 seconds .

========================================================================
Received Import Request.
  Time since last request: 0.000189 seconds.
  path: Assets/HDRPDefaultResources
  artifactKey: Guid(abc661c586a9116428571bb17ea1a331) Importer(815301076,1909f56bfc062723c751e8b465ee728b)
Start importing Assets/HDRPDefaultResources using Guid(abc661c586a9116428571bb17ea1a331) Importer(815301076,1909f56bfc062723c751e8b465ee728b)  -> (artifact id: '210fd434c15eff1bf4cef9bc33527cd4') in 0.005620 seconds
  Import took 0.010293 seconds .

========================================================================
Received Import Request.
  Time since last request: 0.000196 seconds.
  path: Assets/HDRPDefaultResources/HDRPDefaultSettings.asset
  artifactKey: Guid(582adbd84082fdb4faf7cd4beb1ccd14) Importer(815301076,1909f56bfc062723c751e8b465ee728b)
Start importing Assets/HDRPDefaultResources/HDRPDefaultSettings.asset using Guid(582adbd84082fdb4faf7cd4beb1ccd14) Importer(815301076,1909f56bfc062723c751e8b465ee728b)  -> (artifact id: '86f46344cb72690eadae102d4c06c358') in 0.009181 seconds
  Import took 0.013922 seconds .

========================================================================
Received Import Request.
  Time since last request: 0.000187 seconds.
  path: Assets/Art/Materials/General/WoodCounter_Mat.mat
  artifactKey: Guid(ad7596f0acaeee94e94ebedeb6de1a3c) Importer(815301076,1909f56bfc062723c751e8b465ee728b)
Start importing Assets/Art/Materials/General/WoodCounter_Mat.mat using Guid(ad7596f0acaeee94e94ebedeb6de1a3c) Importer(815301076,1909f56bfc062723c751e8b465ee728b)  -> (artifact id: '02f911d19970cc11685660fe5311afcd') in 0.040862 seconds
  Import took 0.046138 seconds .

========================================================================
Received Import Request.
  Time since last request: 0.000198 seconds.
  path: Assets/Art/Materials/General/ShadowProxy_Mat.mat
  artifactKey: Guid(fdb87632bd4c94846b3d79e685010e46) Importer(815301076,1909f56bfc062723c751e8b465ee728b)
Start importing Assets/Art/Materials/General/ShadowProxy_Mat.mat using Guid(fdb87632bd4c94846b3d79e685010e46) Importer(815301076,1909f56bfc062723c751e8b465ee728b)  -> (artifact id: 'b4a56b4dd02a73741e0ad79a3e9804bf') in 0.041017 seconds
  Import took 0.046306 seconds .

========================================================================
Received Import Request.
  Time since last request: 0.000202 seconds.
  path: Assets/Art/Materials/General/EmissiveStripLight_Mat.mat
  artifactKey: Guid(fb7b7efa023634c43844d5df813fe6a8) Importer(815301076,1909f56bfc062723c751e8b465ee728b)
Start importing Assets/Art/Materials/General/EmissiveStripLight_Mat.mat using Guid(fb7b7efa023634c43844d5df813fe6a8) Importer(815301076,1909f56bfc062723c751e8b465ee728b)  -> (artifact id: 'bf64b5753127fa473bdedb171292f3be') in 0.549866 seconds
  Import took 0.555215 seconds .

========================================================================
Received Import Request.
  Time since last request: 0.000182 seconds.
  path: Assets/Art/Materials/General/MetalBlack_Mat.mat
  artifactKey: Guid(c9af0dbe88854d64aa8e276b41a10462) Importer(815301076,1909f56bfc062723c751e8b465ee728b)
Start importing Assets/Art/Materials/General/MetalBlack_Mat.mat using Guid(c9af0dbe88854d64aa8e276b41a10462) Importer(815301076,1909f56bfc062723c751e8b465ee728b)  -> (artifact id: '48b6185beb00b965e3d306a0fa301f55') in 0.646272 seconds
  Import took 0.651214 seconds .

========================================================================
Received Import Request.
  Time since last request: 0.000180 seconds.
  path: Assets/HDRPDefaultResources/starmap_g4k.tif
  artifactKey: Guid(fdef2894b13afb446adaf31b961fda3c) Importer(815301076,1909f56bfc062723c751e8b465ee728b)
Start importing Assets/HDRPDefaultResources/starmap_g4k.tif using Guid(fdef2894b13afb446adaf31b961fda3c) Importer(815301076,1909f56bfc062723c751e8b465ee728b)  -> (artifact id: '1125311d8bf1f227b293d6086ad3b0da') in 0.046795 seconds
  Import took 0.052380 seconds .

========================================================================
Received Import Request.
  Time since last request: 0.000208 seconds.
  path: Assets/Art/Materials/General/Fabric_Mat.mat
  artifactKey: Guid(d7e92d5116171344ba594f9d547cd085) Importer(815301076,1909f56bfc062723c751e8b465ee728b)
Start importing Assets/Art/Materials/General/Fabric_Mat.mat using Guid(d7e92d5116171344ba594f9d547cd085) Importer(815301076,1909f56bfc062723c751e8b465ee728b)  -> (artifact id: 'aff48032399612c3fc259e63e0900538') in 0.569528 seconds
  Import took 0.574759 seconds .

========================================================================
Received Import Request.
  Time since last request: 0.000171 seconds.
  path: Assets/HDRPDefaultResources/satara_night_no_lamps_4k.hdr
  artifactKey: Guid(2ee55383af197ee4faffed08b5f9c916) Importer(815301076,1909f56bfc062723c751e8b465ee728b)
Start importing Assets/HDRPDefaultResources/satara_night_no_lamps_4k.hdr using Guid(2ee55383af197ee4faffed08b5f9c916) Importer(815301076,1909f56bfc062723c751e8b465ee728b)  -> (artifact id: 'b12f03229b8de4bcb968d9fb335b86d8') in 0.237447 seconds
  Import took 0.256747 seconds .

========================================================================
Received Import Request.
  Time since last request: 0.000206 seconds.
  path: Assets/Art/Materials/General/ConcreteHoles_Mat.mat
  artifactKey: Guid(cf59b8132f6cd2f49b8924afeed7674b) Importer(815301076,1909f56bfc062723c751e8b465ee728b)
Start importing Assets/Art/Materials/General/ConcreteHoles_Mat.mat using Guid(cf59b8132f6cd2f49b8924afeed7674b) Importer(815301076,1909f56bfc062723c751e8b465ee728b)  -> (artifact id: '30b4ed91e3a2e08f91f0120cd46b9bd4') in 0.038337 seconds
  Import took 0.043825 seconds .

========================================================================
Received Import Request.
  Time since last request: 0.000192 seconds.
  path: Assets/Art/Materials/General/ConcreteMatteGrey_Mat.mat
  artifactKey: Guid(f042a9897837021468ecfcb204be998e) Importer(815301076,1909f56bfc062723c751e8b465ee728b)
Start importing Assets/Art/Materials/General/ConcreteMatteGrey_Mat.mat using Guid(f042a9897837021468ecfcb204be998e) Importer(815301076,1909f56bfc062723c751e8b465ee728b)  -> (artifact id: '88e26d5bfe2d97282d38a3e488394907') in 0.038895 seconds
  Import took 0.044026 seconds .

========================================================================
Received Import Request.
  Time since last request: 0.000224 seconds.
  path: Assets/Art/Materials/General/MarbleFlooring_Mat.mat
  artifactKey: Guid(b9229bd79b5265144b4b356915c17864) Importer(815301076,1909f56bfc062723c751e8b465ee728b)
Start importing Assets/Art/Materials/General/MarbleFlooring_Mat.mat using Guid(b9229bd79b5265144b4b356915c17864) Importer(815301076,1909f56bfc062723c751e8b465ee728b)  -> (artifact id: '8a940ea444331517f2f5ca68af78dd1f') in 0.036999 seconds
  Import took 0.042079 seconds .

========================================================================
Received Import Request.
  Time since last request: 0.000187 seconds.
  path: Assets/Art/Materials/General/ConcretePolished_Mat.mat
  artifactKey: Guid(5948dbaa050aa8f488c46767a205e35d) Importer(815301076,1909f56bfc062723c751e8b465ee728b)
Start importing Assets/Art/Materials/General/ConcretePolished_Mat.mat using Guid(5948dbaa050aa8f488c46767a205e35d) Importer(815301076,1909f56bfc062723c751e8b465ee728b)  -> (artifact id: '204bbbc4225e860c92b1aee8392c6f7f') in 0.036359 seconds
  Import took 0.041305 seconds .

========================================================================
Received Import Request.
  Time since last request: 0.000184 seconds.
  path: Assets/Art/Materials/General/ConcreteCyan_Mat.mat
  artifactKey: Guid(6a4a9cd798f58bf419164a016513c59e) Importer(815301076,1909f56bfc062723c751e8b465ee728b)
Start importing Assets/Art/Materials/General/ConcreteCyan_Mat.mat using Guid(6a4a9cd798f58bf419164a016513c59e) Importer(815301076,1909f56bfc062723c751e8b465ee728b)  -> (artifact id: '123cb25089197dc34a3a2595eb7c8e82') in 0.036170 seconds
  Import took 0.041277 seconds .

========================================================================
Received Import Request.
  Time since last request: 0.000183 seconds.
  path: Assets/Materials/New Material.mat
  artifactKey: Guid(9a0c0ede27757284b836cb52091dc967) Importer(815301076,1909f56bfc062723c751e8b465ee728b)
Start importing Assets/Materials/New Material.mat using Guid(9a0c0ede27757284b836cb52091dc967) Importer(815301076,1909f56bfc062723c751e8b465ee728b)  -> (artifact id: '885c9ea75664140ae95bea81fa7a8854') in 0.031576 seconds
  Import took 0.036891 seconds .

========================================================================
Received Import Request.
  Time since last request: 0.000230 seconds.
  path: Assets/Art/Materials/General/Bamboo_Leaf_A.mat
  artifactKey: Guid(1ee01111bb691c348a61b9a5b38c8897) Importer(815301076,1909f56bfc062723c751e8b465ee728b)
Start importing Assets/Art/Materials/General/Bamboo_Leaf_A.mat using Guid(1ee01111bb691c348a61b9a5b38c8897) Importer(815301076,1909f56bfc062723c751e8b465ee728b)  -> (artifact id: 'd72c7189ecdf38151117dbdc675be6be') in 0.856227 seconds
  Import took 0.861589 seconds .

========================================================================
Received Import Request.
  Time since last request: 0.000233 seconds.
  path: Assets/Art/Materials/General/Plant_C.mat
  artifactKey: Guid(e7da2788c96349246a9b40abfc02f83f) Importer(815301076,1909f56bfc062723c751e8b465ee728b)
Start importing Assets/Art/Materials/General/Plant_C.mat using Guid(e7da2788c96349246a9b40abfc02f83f) Importer(815301076,1909f56bfc062723c751e8b465ee728b)  -> (artifact id: '3fe2c3c33a1de77fb1db201c0df84fa2') in 0.833534 seconds
  Import took 0.838906 seconds .

========================================================================
Received Import Request.
  Time since last request: 0.000175 seconds.
  path: Assets/Art/Materials/General/Decal_Mat.mat
  artifactKey: Guid(811cfb822fc52b94997d2481839de2fe) Importer(815301076,1909f56bfc062723c751e8b465ee728b)
Start importing Assets/Art/Materials/General/Decal_Mat.mat using Guid(811cfb822fc52b94997d2481839de2fe) Importer(815301076,1909f56bfc062723c751e8b465ee728b)  -> (artifact id: 'da137fda355724142ce1ab83136a5d56') in 0.035628 seconds
  Import took 0.040671 seconds .

========================================================================
Received Import Request.
  Time since last request: 0.000173 seconds.
  path: Assets/Art/Materials/General/Rock_A.mat
  artifactKey: Guid(5d53f2d3d2871cc40bfce7f567098cbe) Importer(815301076,1909f56bfc062723c751e8b465ee728b)
Start importing Assets/Art/Materials/General/Rock_A.mat using Guid(5d53f2d3d2871cc40bfce7f567098cbe) Importer(815301076,1909f56bfc062723c751e8b465ee728b)  -> (artifact id: 'b7b71fd2fc3a4e9995d62d443d810426') in 0.036772 seconds
  Import took 0.041871 seconds .

========================================================================
Received Import Request.
  Time since last request: 0.000183 seconds.
  path: Assets/HDRPDefaultResources/DefaultHDRISky.exr
  artifactKey: Guid(54a3a0570aebe8949bec4966f1376581) Importer(815301076,1909f56bfc062723c751e8b465ee728b)
Start importing Assets/HDRPDefaultResources/DefaultHDRISky.exr using Guid(54a3a0570aebe8949bec4966f1376581) Importer(815301076,1909f56bfc062723c751e8b465ee728b)  -> (artifact id: '3a7bd3259a87b553003d2a927e046ab7') in 0.020653 seconds
  Import took 0.025511 seconds .

========================================================================
Received Import Request.
  Time since last request: 0.000213 seconds.
  path: Assets/Art/Materials/General/EmissiveBulb_Mat.mat
  artifactKey: Guid(82f22cfcd3162714f97430d3043d810f) Importer(815301076,1909f56bfc062723c751e8b465ee728b)
Start importing Assets/Art/Materials/General/EmissiveBulb_Mat.mat using Guid(82f22cfcd3162714f97430d3043d810f) Importer(815301076,1909f56bfc062723c751e8b465ee728b)  -> (artifact id: 'ebea568412ae8ea5074c41b95e8a3faa') in 0.032767 seconds
  Import took 0.038132 seconds .

========================================================================
Received Import Request.
  Time since last request: 0.000201 seconds.
  path: Assets/Materials/New Material 2.mat
  artifactKey: Guid(df5a0ae3ed6d04e5d9f089725d645d26) Importer(815301076,1909f56bfc062723c751e8b465ee728b)
Start importing Assets/Materials/New Material 2.mat using Guid(df5a0ae3ed6d04e5d9f089725d645d26) Importer(815301076,1909f56bfc062723c751e8b465ee728b)  -> (artifact id: '3d698957e04fce479549ee1ffa05dbe4') in 0.033034 seconds
  Import took 0.038279 seconds .

========================================================================
Received Import Request.
  Time since last request: 0.000192 seconds.
  path: Assets/Art/Materials/General/GlassDark_Mat.mat
  artifactKey: Guid(51396a457ace7ca459c474a7d7ed6ceb) Importer(815301076,1909f56bfc062723c751e8b465ee728b)
Start importing Assets/Art/Materials/General/GlassDark_Mat.mat using Guid(51396a457ace7ca459c474a7d7ed6ceb) Importer(815301076,1909f56bfc062723c751e8b465ee728b)  -> (artifact id: '87ef2a7c785a8ae6193c144ab9d5bce3') in 16.093929 seconds
  Import took 16.099137 seconds .

========================================================================
Received Prepare
Refreshing native plugins compatible for Editor in 1.25 ms, found 0 plugins.
Preloading 0 native plugins for Editor in 0.00 ms.
Unloading 3 Unused Serialized files (Serialized files now loaded: 0)
System memory in use before: 120.2 MB.
System memory in use after: 120.5 MB.

Unloading 3 unused Assets to reduce memory usage. Loaded Objects now: 5217.
Total: 6.489400 ms (FindLiveObjects: 0.451700 ms CreateObjectMapping: 0.095600 ms MarkObjects: 5.922400 ms  DeleteObjects: 0.018400 ms)

========================================================================
Received Import Request.
  Time since last request: 418.289576 seconds.
  path: Assets/ParticleLauncher.cs
  artifactKey: Guid(d118a5301b36f44148581bbfb0bd734c) Importer(815301076,1909f56bfc062723c751e8b465ee728b)
Start importing Assets/ParticleLauncher.cs using Guid(d118a5301b36f44148581bbfb0bd734c) Importer(815301076,1909f56bfc062723c751e8b465ee728b)  -> (artifact id: '85ef3400d354eef9680b39cd1fd0232f') in 0.009398 seconds
  Import took 0.015200 seconds .

========================================================================
Received Prepare
Registering precompiled user dll's ...
Registered in 0.001427 seconds.
Begin MonoManager ReloadAssembly
Native extension for WindowsStandalone target not found
Refreshing native plugins compatible for Editor in 0.56 ms, found 0 plugins.
Preloading 0 native plugins for Editor in 0.00 ms.
Invoked RoslynAnalysisRunner static constructor.
RoslynAnalysisRunner will not be running.
RoslynAnalysisRunner has terminated.
Mono: successfully reloaded assembly
- Completed reload, in  1.271 seconds
Platform modules already initialized, skipping
Refreshing native plugins compatible for Editor in 0.65 ms, found 0 plugins.
Preloading 0 native plugins for Editor in 0.00 ms.
Unloading 3199 Unused Serialized files (Serialized files now loaded: 0)
System memory in use before: 168.7 MB.
System memory in use after: 168.9 MB.

Unloading 6 unused Assets to reduce memory usage. Loaded Objects now: 4093.
Total: 3.004200 ms (FindLiveObjects: 0.348400 ms CreateObjectMapping: 0.098500 ms MarkObjects: 2.537200 ms  DeleteObjects: 0.018600 ms)

========================================================================
Received Import Request.
  Time since last request: 158.922935 seconds.
  path: Assets/Scenes/Wheat.unity
  artifactKey: Guid(53eb26226cd3c994ca337cfe162cdb37) Importer(815301076,1909f56bfc062723c751e8b465ee728b)
Start importing Assets/Scenes/Wheat.unity using Guid(53eb26226cd3c994ca337cfe162cdb37) Importer(815301076,1909f56bfc062723c751e8b465ee728b)  -> (artifact id: '0f2b7094306db4ec3a5ad94dcd7ccd38') in 0.021993 seconds
  Import took 0.027657 seconds .

========================================================================
Received Prepare
Registering precompiled user dll's ...
Registered in 0.001355 seconds.
Begin MonoManager ReloadAssembly
Native extension for WindowsStandalone target not found
Refreshing native plugins compatible for Editor in 0.55 ms, found 0 plugins.
Preloading 0 native plugins for Editor in 0.00 ms.
Invoked RoslynAnalysisRunner static constructor.
RoslynAnalysisRunner will not be running.
RoslynAnalysisRunner has terminated.
Mono: successfully reloaded assembly
- Completed reload, in  1.153 seconds
Platform modules already initialized, skipping
Refreshing native plugins compatible for Editor in 0.57 ms, found 0 plugins.
Preloading 0 native plugins for Editor in 0.00 ms.
Unloading 3189 Unused Serialized files (Serialized files now loaded: 0)
System memory in use before: 168.4 MB.
System memory in use after: 168.6 MB.

Unloading 6 unused Assets to reduce memory usage. Loaded Objects now: 4095.
Total: 2.858600 ms (FindLiveObjects: 0.342000 ms CreateObjectMapping: 0.091500 ms MarkObjects: 2.405100 ms  DeleteObjects: 0.019000 ms)

========================================================================
Received Import Request.
  Time since last request: 9.017926 seconds.
  path: Assets/Scenes/DayNight.unity
  artifactKey: Guid(53eb26226cd3c994ca337cfe162cdb37) Importer(815301076,1909f56bfc062723c751e8b465ee728b)
Start importing Assets/Scenes/DayNight.unity using Guid(53eb26226cd3c994ca337cfe162cdb37) Importer(815301076,1909f56bfc062723c751e8b465ee728b)  -> (artifact id: 'c1266c73caf74ff9c2db37a52f170c17') in 0.017028 seconds
  Import took 0.022153 seconds .

========================================================================
Received Import Request.
  Time since last request: 2.863066 seconds.
  path: Assets/Scenes/MeshCutting.unity
  artifactKey: Guid(73aa39efa8769b440b29180707b10088) Importer(815301076,1909f56bfc062723c751e8b465ee728b)
Start importing Assets/Scenes/MeshCutting.unity using Guid(73aa39efa8769b440b29180707b10088) Importer(815301076,1909f56bfc062723c751e8b465ee728b)  -> (artifact id: 'be5fece27330efe43907bf95ecdb1ae3') in 0.006441 seconds
  Import took 0.011890 seconds .

========================================================================
Received Import Request.
  Time since last request: 0.008443 seconds.
  path: Assets/Scenes/MeshCutting.unity
  artifactKey: Guid(73aa39efa8769b440b29180707b10088) Importer(815301076,1909f56bfc062723c751e8b465ee728b)
Start importing Assets/Scenes/MeshCutting.unity using Guid(73aa39efa8769b440b29180707b10088) Importer(815301076,1909f56bfc062723c751e8b465ee728b)  -> (artifact id: 'be5fece27330efe43907bf95ecdb1ae3') in 0.002548 seconds
  Import took 0.007517 seconds .

========================================================================
Received Import Request.
  Time since last request: 15.251542 seconds.
  path: Assets/Scenes/Particle.unity
  artifactKey: Guid(7374284d5450140468bd4c60440bd1fe) Importer(815301076,1909f56bfc062723c751e8b465ee728b)
Start importing Assets/Scenes/Particle.unity using Guid(7374284d5450140468bd4c60440bd1fe) Importer(815301076,1909f56bfc062723c751e8b465ee728b)  -> (artifact id: 'c63d1a06eeadfd3556ad7fd87c11be3c') in 0.006437 seconds
  Import took 0.011549 seconds .

========================================================================
Received Prepare
Registering precompiled user dll's ...
Registered in 0.001396 seconds.
Begin MonoManager ReloadAssembly
Native extension for WindowsStandalone target not found
Refreshing native plugins compatible for Editor in 0.56 ms, found 0 plugins.
Preloading 0 native plugins for Editor in 0.00 ms.
Invoked RoslynAnalysisRunner static constructor.
RoslynAnalysisRunner will not be running.
RoslynAnalysisRunner has terminated.
Mono: successfully reloaded assembly
- Completed reload, in  1.184 seconds
Platform modules already initialized, skipping
Refreshing native plugins compatible for Editor in 0.62 ms, found 0 plugins.
Preloading 0 native plugins for Editor in 0.00 ms.
Unloading 3189 Unused Serialized files (Serialized files now loaded: 0)
System memory in use before: 168.4 MB.
System memory in use after: 168.6 MB.

Unloading 6 unused Assets to reduce memory usage. Loaded Objects now: 4097.
Total: 2.882900 ms (FindLiveObjects: 0.340400 ms CreateObjectMapping: 0.102600 ms MarkObjects: 2.421000 ms  DeleteObjects: 0.017500 ms)

========================================================================
Received Import Request.
  Time since last request: 18.464142 seconds.
  path: Assets/Scripts
  artifactKey: Guid(4719b0884aa2ce045bd0bc265ca981a3) Importer(815301076,1909f56bfc062723c751e8b465ee728b)
Start importing Assets/Scripts using Guid(4719b0884aa2ce045bd0bc265ca981a3) Importer(815301076,1909f56bfc062723c751e8b465ee728b)  -> (artifact id: 'd8ccb69cb2defeffe650efddc5b6ad77') in 0.009553 seconds
  Import took 0.014775 seconds .

========================================================================
Received Import Request.
  Time since last request: 2.514924 seconds.
  path: Assets/Scripts/AntherProtrusion
  artifactKey: Guid(5771e7cb7eaf88c4487d1d76a571ac56) Importer(815301076,1909f56bfc062723c751e8b465ee728b)
Start importing Assets/Scripts/AntherProtrusion using Guid(5771e7cb7eaf88c4487d1d76a571ac56) Importer(815301076,1909f56bfc062723c751e8b465ee728b)  -> (artifact id: '353142b250c0422df89f004c5263ee1d') in 0.006034 seconds
  Import took 0.010953 seconds .

========================================================================
Received Import Request.
  Time since last request: 0.007473 seconds.
  path: Assets/Scripts/AntherProtrusion
  artifactKey: Guid(5771e7cb7eaf88c4487d1d76a571ac56) Importer(815301076,1909f56bfc062723c751e8b465ee728b)
Start importing Assets/Scripts/AntherProtrusion using Guid(5771e7cb7eaf88c4487d1d76a571ac56) Importer(815301076,1909f56bfc062723c751e8b465ee728b)  -> (artifact id: '353142b250c0422df89f004c5263ee1d') in 0.002199 seconds
  Import took 0.007144 seconds .

========================================================================
Received Import Request.
  Time since last request: 12.131538 seconds.
  path: Assets/Scripts/DayNightTransition
  artifactKey: Guid(5771e7cb7eaf88c4487d1d76a571ac56) Importer(815301076,1909f56bfc062723c751e8b465ee728b)
Start importing Assets/Scripts/DayNightTransition using Guid(5771e7cb7eaf88c4487d1d76a571ac56) Importer(815301076,1909f56bfc062723c751e8b465ee728b)  -> (artifact id: 'dd4a5724ac1b5e7db99ff9287d210e31') in 0.006228 seconds
  Import took 0.011331 seconds .

========================================================================
Received Prepare
Registering precompiled user dll's ...
Registered in 0.001422 seconds.
Begin MonoManager ReloadAssembly
Native extension for WindowsStandalone target not found
Refreshing native plugins compatible for Editor in 0.56 ms, found 0 plugins.
Preloading 0 native plugins for Editor in 0.00 ms.
Invoked RoslynAnalysisRunner static constructor.
RoslynAnalysisRunner will not be running.
RoslynAnalysisRunner has terminated.
Mono: successfully reloaded assembly
- Completed reload, in  1.182 seconds
Platform modules already initialized, skipping
Refreshing native plugins compatible for Editor in 0.60 ms, found 0 plugins.
Preloading 0 native plugins for Editor in 0.00 ms.
Unloading 3189 Unused Serialized files (Serialized files now loaded: 0)
System memory in use before: 168.4 MB.
System memory in use after: 168.7 MB.

Unloading 6 unused Assets to reduce memory usage. Loaded Objects now: 4099.
Total: 2.832900 ms (FindLiveObjects: 0.340600 ms CreateObjectMapping: 0.095200 ms MarkObjects: 2.375200 ms  DeleteObjects: 0.020800 ms)

========================================================================
Received Import Request.
  Time since last request: 19.231165 seconds.
  path: Assets/Scripts/PlayerMovement/SimpleCameraController.cs
  artifactKey: Guid(14e519c409be4a1428028347410f5677) Importer(815301076,1909f56bfc062723c751e8b465ee728b)
Start importing Assets/Scripts/PlayerMovement/SimpleCameraController.cs using Guid(14e519c409be4a1428028347410f5677) Importer(815301076,1909f56bfc062723c751e8b465ee728b)  -> (artifact id: 'd86f9e9c5a8cb40b821ba6319ba28346') in 0.011355 seconds
  Import took 0.017575 seconds .

========================================================================
Received Import Request.
  Time since last request: 0.030025 seconds.
  path: Assets/Scripts/PlayerMovement/SimpleCameraController.cs
  artifactKey: Guid(14e519c409be4a1428028347410f5677) Importer(815301076,1909f56bfc062723c751e8b465ee728b)
Start importing Assets/Scripts/PlayerMovement/SimpleCameraController.cs using Guid(14e519c409be4a1428028347410f5677) Importer(815301076,1909f56bfc062723c751e8b465ee728b)  -> (artifact id: 'd86f9e9c5a8cb40b821ba6319ba28346') in 0.003491 seconds
  Import took 0.009737 seconds .

========================================================================
Received Import Request.
  Time since last request: 2.516732 seconds.
  path: Assets/Scripts/MeshCut
  artifactKey: Guid(5cdded8c2e51f1d4b9e454250218e9b4) Importer(815301076,1909f56bfc062723c751e8b465ee728b)
Start importing Assets/Scripts/MeshCut using Guid(5cdded8c2e51f1d4b9e454250218e9b4) Importer(815301076,1909f56bfc062723c751e8b465ee728b)  -> (artifact id: 'c1e827eb663c394152f09c144c90a72a') in 0.005776 seconds
  Import took 0.010804 seconds .

========================================================================
Received Import Request.
  Time since last request: 3.313588 seconds.
  path: Assets/Scripts/PollenEffect
  artifactKey: Guid(9ac0480680f7b4505807be8220f50e52) Importer(815301076,1909f56bfc062723c751e8b465ee728b)
Start importing Assets/Scripts/PollenEffect using Guid(9ac0480680f7b4505807be8220f50e52) Importer(815301076,1909f56bfc062723c751e8b465ee728b)  -> (artifact id: 'f8b889fa8b21a7f104d7591c2effd8c0') in 0.006115 seconds
  Import took 0.011062 seconds .

========================================================================
Received Import Request.
  Time since last request: 0.007978 seconds.
  path: Assets/Scripts/PollenEffect
  artifactKey: Guid(9ac0480680f7b4505807be8220f50e52) Importer(815301076,1909f56bfc062723c751e8b465ee728b)
Start importing Assets/Scripts/PollenEffect using Guid(9ac0480680f7b4505807be8220f50e52) Importer(815301076,1909f56bfc062723c751e8b465ee728b)  -> (artifact id: 'f8b889fa8b21a7f104d7591c2effd8c0') in 0.002203 seconds
  Import took 0.007182 seconds .

========================================================================
Received Prepare
Registering precompiled user dll's ...
Registered in 0.001387 seconds.
Begin MonoManager ReloadAssembly
Native extension for WindowsStandalone target not found
Refreshing native plugins compatible for Editor in 0.56 ms, found 0 plugins.
Preloading 0 native plugins for Editor in 0.00 ms.
Invoked RoslynAnalysisRunner static constructor.
RoslynAnalysisRunner will not be running.
RoslynAnalysisRunner has terminated.
Mono: successfully reloaded assembly
- Completed reload, in  1.173 seconds
Platform modules already initialized, skipping
Refreshing native plugins compatible for Editor in 0.58 ms, found 0 plugins.
Preloading 0 native plugins for Editor in 0.00 ms.
Unloading 3189 Unused Serialized files (Serialized files now loaded: 0)
System memory in use before: 168.4 MB.
System memory in use after: 168.6 MB.

Unloading 6 unused Assets to reduce memory usage. Loaded Objects now: 4101.
Total: 2.837100 ms (FindLiveObjects: 0.332100 ms CreateObjectMapping: 0.092300 ms MarkObjects: 2.393600 ms  DeleteObjects: 0.018100 ms)

========================================================================
Received Import Request.
  Time since last request: 17.367124 seconds.
  path: Assets/Scripts/ParticleEffects
  artifactKey: Guid(9ac0480680f7b4505807be8220f50e52) Importer(815301076,1909f56bfc062723c751e8b465ee728b)
Start importing Assets/Scripts/ParticleEffects using Guid(9ac0480680f7b4505807be8220f50e52) Importer(815301076,1909f56bfc062723c751e8b465ee728b)  -> (artifact id: '8918d1b9fc30acb15d20db0ba081a5ec') in 0.010171 seconds
  Import took 0.015467 seconds .

========================================================================
Received Prepare
Registering precompiled user dll's ...
Registered in 0.001386 seconds.
Begin MonoManager ReloadAssembly
Native extension for WindowsStandalone target not found
Refreshing native plugins compatible for Editor in 0.56 ms, found 0 plugins.
Preloading 0 native plugins for Editor in 0.00 ms.
Invoked RoslynAnalysisRunner static constructor.
RoslynAnalysisRunner will not be running.
RoslynAnalysisRunner has terminated.
Mono: successfully reloaded assembly
- Completed reload, in  1.169 seconds
Platform modules already initialized, skipping
Refreshing native plugins compatible for Editor in 0.57 ms, found 0 plugins.
Preloading 0 native plugins for Editor in 0.00 ms.
Unloading 3189 Unused Serialized files (Serialized files now loaded: 0)
System memory in use before: 168.5 MB.
System memory in use after: 168.7 MB.

Unloading 6 unused Assets to reduce memory usage. Loaded Objects now: 4103.
Total: 2.839900 ms (FindLiveObjects: 0.333000 ms CreateObjectMapping: 0.091800 ms MarkObjects: 2.394400 ms  DeleteObjects: 0.019300 ms)

========================================================================
Received Import Request.
  Time since last request: 8.220035 seconds.
  path: Assets/Art/Materials/General/Bamboo_A.mat
  artifactKey: Guid(fff7b0d103b7de54f810338cd8c6d44a) Importer(815301076,1909f56bfc062723c751e8b465ee728b)
Start importing Assets/Art/Materials/General/Bamboo_A.mat using Guid(fff7b0d103b7de54f810338cd8c6d44a) Importer(815301076,1909f56bfc062723c751e8b465ee728b)  -> (artifact id: 'ac1169449e277dfec89c1e6ca2b2c602') in 0.716565 seconds
  Import took 0.722224 seconds .

========================================================================
Received Import Request.
  Time since last request: 0.000180 seconds.
  path: Assets/Art/Materials/General/ConcreteTaupe_Mat.mat
  artifactKey: Guid(8803ecc3c0ada6f48bbd21e716f8522b) Importer(815301076,1909f56bfc062723c751e8b465ee728b)
Start importing Assets/Art/Materials/General/ConcreteTaupe_Mat.mat using Guid(8803ecc3c0ada6f48bbd21e716f8522b) Importer(815301076,1909f56bfc062723c751e8b465ee728b)  -> (artifact id: '114c3e83c16f40fab581afc7da22cd23') in 0.036849 seconds
  Import took 0.041933 seconds .

========================================================================
Received Import Request.
  Time since last request: 0.000181 seconds.
  path: Assets/Art/Materials/General/Collision_Mat.mat
  artifactKey: Guid(a7f9b9f3a7ec88a42bcdef7463ccbffe) Importer(815301076,1909f56bfc062723c751e8b465ee728b)
Start importing Assets/Art/Materials/General/Collision_Mat.mat using Guid(a7f9b9f3a7ec88a42bcdef7463ccbffe) Importer(815301076,1909f56bfc062723c751e8b465ee728b)  -> (artifact id: '8de34dc2549fea48d9cf797a6e159909') in 0.034337 seconds
  Import took 0.039371 seconds .

========================================================================
Received Import Request.
  Time since last request: 0.000187 seconds.
  path: Assets/Art/Materials/General/Rubber_Mat.mat
  artifactKey: Guid(1029b38bdee65ba4482ab14d2b7a9f04) Importer(815301076,1909f56bfc062723c751e8b465ee728b)
Start importing Assets/Art/Materials/General/Rubber_Mat.mat using Guid(1029b38bdee65ba4482ab14d2b7a9f04) Importer(815301076,1909f56bfc062723c751e8b465ee728b)  -> (artifact id: '45c3c0874b4107df0929445867e06d30') in 0.033272 seconds
  Import took 0.038414 seconds .

========================================================================
Received Import Request.
  Time since last request: 0.000184 seconds.
  path: Assets/Art/Materials/General/Brass_Mat.mat
  artifactKey: Guid(51715d426647c0a469aa54fd0d386aa6) Importer(815301076,1909f56bfc062723c751e8b465ee728b)
Start importing Assets/Art/Materials/General/Brass_Mat.mat using Guid(51715d426647c0a469aa54fd0d386aa6) Importer(815301076,1909f56bfc062723c751e8b465ee728b)  -> (artifact id: '8063d9ab71285408c2d3ab3b2c524774') in 0.640680 seconds
  Import took 0.645692 seconds .

========================================================================
Received Import Request.
  Time since last request: 0.000186 seconds.
  path: Assets/Art/Materials/General/Fern_01_Mat.mat
  artifactKey: Guid(41b4ab126d0398d4a82ef0abf15e1226) Importer(815301076,1909f56bfc062723c751e8b465ee728b)
Start importing Assets/Art/Materials/General/Fern_01_Mat.mat using Guid(41b4ab126d0398d4a82ef0abf15e1226) Importer(815301076,1909f56bfc062723c751e8b465ee728b)  -> (artifact id: '66493b45507c2e831e3dd49e85276e72') in 0.847924 seconds
  Import took 0.852948 seconds .

========================================================================
Received Import Request.
  Time since last request: 0.000181 seconds.
  path: Assets/Art/Particles/FallingLeaves.vfx
  artifactKey: Guid(bf2740e433dd7c74790d9025218fb541) Importer(815301076,1909f56bfc062723c751e8b465ee728b)
Start importing Assets/Art/Particles/FallingLeaves.vfx using Guid(bf2740e433dd7c74790d9025218fb541) Importer(815301076,1909f56bfc062723c751e8b465ee728b)  -> (artifact id: 'dfa73f2e8dd27efb86f04ed3c4dcfbc2') in 0.010808 seconds
  Import took 0.015688 seconds .

========================================================================
Received Import Request.
  Time since last request: 0.000281 seconds.
  path: Assets/Art/Particles/ButterFlies.vfx
  artifactKey: Guid(3ccc63e203e655541916b8baf4eba847) Importer(815301076,1909f56bfc062723c751e8b465ee728b)
Start importing Assets/Art/Particles/ButterFlies.vfx using Guid(3ccc63e203e655541916b8baf4eba847) Importer(815301076,1909f56bfc062723c751e8b465ee728b)  -> (artifact id: 'a53a6313bc1ba5e4a985dd351d12ffff') in 0.008134 seconds
  Import took 0.013605 seconds .

========================================================================
Received Import Request.
  Time since last request: 0.000189 seconds.
  path: Assets/Art/Meshes/Lighting/ShadowProxy_01.fbx
  artifactKey: Guid(0b169a69f4f407145aa55021891e64fa) Importer(815301076,1909f56bfc062723c751e8b465ee728b)
Start importing Assets/Art/Meshes/Lighting/ShadowProxy_01.fbx using Guid(0b169a69f4f407145aa55021891e64fa) Importer(815301076,1909f56bfc062723c751e8b465ee728b)  -> (artifact id: '715acb35ff52be1666ef43bc4fe25243') in 0.348718 seconds
  Import took 0.353882 seconds .

========================================================================
Received Import Request.
  Time since last request: 0.000191 seconds.
  path: Assets/Art/Particles/FloatingDust.vfx
  artifactKey: Guid(49807342fca141243b63eda5ee636c9d) Importer(815301076,1909f56bfc062723c751e8b465ee728b)
Start importing Assets/Art/Particles/FloatingDust.vfx using Guid(49807342fca141243b63eda5ee636c9d) Importer(815301076,1909f56bfc062723c751e8b465ee728b)  -> (artifact id: '552e3e1b10842761651b8001c41b1a0a') in 0.007657 seconds
  Import took 0.012557 seconds .

========================================================================
Received Import Request.
  Time since last request: 0.000190 seconds.
  path: Assets/HDRPDefaultResources/SkyFogSettingsProfile.asset
  artifactKey: Guid(ea5c25297f0c0a04da0eabb1c26a7509) Importer(815301076,1909f56bfc062723c751e8b465ee728b)
Start importing Assets/HDRPDefaultResources/SkyFogSettingsProfile.asset using Guid(ea5c25297f0c0a04da0eabb1c26a7509) Importer(815301076,1909f56bfc062723c751e8b465ee728b)  -> (artifact id: 'a0e89d72871afd95257736df2530cbb6') in 0.006545 seconds
  Import took 0.011580 seconds .

========================================================================
Received Import Request.
  Time since last request: 0.000354 seconds.
  path: Assets/Art/Materials/General/Bush_01_Mat.mat
  artifactKey: Guid(c8ff19ec299458747b23b805b74ed9a1) Importer(815301076,1909f56bfc062723c751e8b465ee728b)
Start importing Assets/Art/Materials/General/Bush_01_Mat.mat using Guid(c8ff19ec299458747b23b805b74ed9a1) Importer(815301076,1909f56bfc062723c751e8b465ee728b)  -> (artifact id: '76c87a4609f3cc7d31a9c205a0ddb767') in 0.038783 seconds
  Import took 0.044682 seconds .

========================================================================
Received Import Request.
  Time since last request: 0.000182 seconds.
  path: Assets/Art/Materials/General/DecalPuddle_Mat.mat
  artifactKey: Guid(94d80f3e038421840941e22d06feee02) Importer(815301076,1909f56bfc062723c751e8b465ee728b)
Start importing Assets/Art/Materials/General/DecalPuddle_Mat.mat using Guid(94d80f3e038421840941e22d06feee02) Importer(815301076,1909f56bfc062723c751e8b465ee728b)  -> (artifact id: 'ea74ccdfe465f03c53f99ecb8b51d859') in 0.036599 seconds
  Import took 0.041503 seconds .

========================================================================
Received Import Request.
  Time since last request: 0.000193 seconds.
  path: Assets/Art/Materials/General/SandblastMetal_Mat.mat
  artifactKey: Guid(2d17ebb7fe958ff4898d2c0cd1dddce9) Importer(815301076,1909f56bfc062723c751e8b465ee728b)
Start importing Assets/Art/Materials/General/SandblastMetal_Mat.mat using Guid(2d17ebb7fe958ff4898d2c0cd1dddce9) Importer(815301076,1909f56bfc062723c751e8b465ee728b)  -> (artifact id: '15f0dd167eb7ff5393533322373b01a7') in 0.035620 seconds
  Import took 0.040671 seconds .

========================================================================
Received Import Request.
  Time since last request: 0.000188 seconds.
  path: Assets/HDRPDefaultResources/DefaultSceneRoot.prefab
  artifactKey: Guid(2bfa7b9d63fa79e4abdc033f54a868d2) Importer(815301076,1909f56bfc062723c751e8b465ee728b)
Start importing Assets/HDRPDefaultResources/DefaultSceneRoot.prefab using Guid(2bfa7b9d63fa79e4abdc033f54a868d2) Importer(815301076,1909f56bfc062723c751e8b465ee728b)  -> (artifact id: '87fe38a8fb64fde82ebb145df27f87dc') in 0.020396 seconds
  Import took 0.025180 seconds .

========================================================================
Received Import Request.
  Time since last request: 0.000223 seconds.
  path: Assets/Art/Materials/General/Ground_Mat.mat
  artifactKey: Guid(80c783de8f9d2de49aa80661a4466819) Importer(815301076,1909f56bfc062723c751e8b465ee728b)
Start importing Assets/Art/Materials/General/Ground_Mat.mat using Guid(80c783de8f9d2de49aa80661a4466819) Importer(815301076,1909f56bfc062723c751e8b465ee728b)  -> (artifact id: 'd4b438b017ce347b8bee5534b4cd878c') in 0.038925 seconds
  Import took 0.044546 seconds .

========================================================================
Received Import Request.
  Time since last request: 0.000188 seconds.
  path: Assets/Art/Materials/General/ConcreteRough_Mat.mat
  artifactKey: Guid(2d5eb5266d7bdbf49a5a251d8dcecbeb) Importer(815301076,1909f56bfc062723c751e8b465ee728b)
Start importing Assets/Art/Materials/General/ConcreteRough_Mat.mat using Guid(2d5eb5266d7bdbf49a5a251d8dcecbeb) Importer(815301076,1909f56bfc062723c751e8b465ee728b)  -> (artifact id: '521a285a25049b7e2424f13a16a5df8e') in 0.036770 seconds
  Import took 0.041895 seconds .

========================================================================
Received Import Request.
  Time since last request: 0.168826 seconds.
  path: Assets/Materials/New Material 1.mat
  artifactKey: Guid(56748950796cd4743a64028aaa1d6173) Importer(815301076,1909f56bfc062723c751e8b465ee728b)
Start importing Assets/Materials/New Material 1.mat using Guid(56748950796cd4743a64028aaa1d6173) Importer(815301076,1909f56bfc062723c751e8b465ee728b)  -> (artifact id: '1794d49063f3ec64a6449adf3debd747') in 0.033244 seconds
  Import took 0.038961 seconds .

========================================================================
Received Import Request.
  Time since last request: 8.817669 seconds.
  path: Assets/Prefabs/Particles.prefab
  artifactKey: Guid(bb045db5b8cd748429f3f25fd61fc377) Importer(815301076,1909f56bfc062723c751e8b465ee728b)
Start importing Assets/Prefabs/Particles.prefab using Guid(bb045db5b8cd748429f3f25fd61fc377) Importer(815301076,1909f56bfc062723c751e8b465ee728b)  -> (artifact id: 'd67f1f65f5c64fafc5318488a93c710d') in 0.033427 seconds
  Import took 0.038888 seconds .

========================================================================
Received Import Request.
  Time since last request: 5.471793 seconds.
  path: Assets/Scenes/Wheat
  artifactKey: Guid(ec777d8b5ebb3de499fa4858968cc241) Importer(815301076,1909f56bfc062723c751e8b465ee728b)
Start importing Assets/Scenes/Wheat using Guid(ec777d8b5ebb3de499fa4858968cc241) Importer(815301076,1909f56bfc062723c751e8b465ee728b)  -> (artifact id: '4d8decb61d93092fbac41fbf6a9a96bb') in 0.006061 seconds
  Import took 0.011070 seconds .

========================================================================
Received Import Request.
  Time since last request: 0.052330 seconds.
  path: Assets/Scenes/Wheat/Sky and Fog Settings Profile.asset
  artifactKey: Guid(e3f8bc5c7cc89a24aaff49a46fbdb827) Importer(815301076,1909f56bfc062723c751e8b465ee728b)
Start importing Assets/Scenes/Wheat/Sky and Fog Settings Profile.asset using Guid(e3f8bc5c7cc89a24aaff49a46fbdb827) Importer(815301076,1909f56bfc062723c751e8b465ee728b)  -> (artifact id: '43d1602df2805101c026e32c23e26713') in 0.016004 seconds
  Import took 0.022006 seconds .

========================================================================
Received Import Request.
  Time since last request: 8.040302 seconds.
  path: Assets/Scenes/DayNight
  artifactKey: Guid(ec777d8b5ebb3de499fa4858968cc241) Importer(815301076,1909f56bfc062723c751e8b465ee728b)
Start importing Assets/Scenes/DayNight using Guid(ec777d8b5ebb3de499fa4858968cc241) Importer(815301076,1909f56bfc062723c751e8b465ee728b)  -> (artifact id: '53c25dc335a7382df2dc43e9774edb36') in 0.006073 seconds
  Import took 0.011019 seconds .

========================================================================
Received Import Request.
  Time since last request: 9.614757 seconds.
  path: Assets/Settings/HDRPHighQuality.asset
  artifactKey: Guid(36dd385e759c96147b6463dcd1149c11) Importer(815301076,1909f56bfc062723c751e8b465ee728b)
Start importing Assets/Settings/HDRPHighQuality.asset using Guid(36dd385e759c96147b6463dcd1149c11) Importer(815301076,1909f56bfc062723c751e8b465ee728b)  -> (artifact id: 'a65d825a2c5511720c15d4dabba753b6') in 0.008109 seconds
  Import took 0.013229 seconds .

========================================================================
Received Import Request.
  Time since last request: 0.000202 seconds.
  path: Assets/Settings/PlayerControllerFPS.prefab
  artifactKey: Guid(573ac53c334415945bf239de2c2f0511) Importer(815301076,1909f56bfc062723c751e8b465ee728b)
Start importing Assets/Settings/PlayerControllerFPS.prefab using Guid(573ac53c334415945bf239de2c2f0511) Importer(815301076,1909f56bfc062723c751e8b465ee728b)  -> (artifact id: '5274fb27e0513beb56b7d8114f5b7aa5') in 0.008064 seconds
  Import took 0.013152 seconds .

========================================================================
Received Import Request.
  Time since last request: 0.000223 seconds.
  path: Assets/Settings/HDRPMediumQuality.asset
  artifactKey: Guid(3e2e6bfc59709614ab90c0cd7d755e48) Importer(815301076,1909f56bfc062723c751e8b465ee728b)
Start importing Assets/Settings/HDRPMediumQuality.asset using Guid(3e2e6bfc59709614ab90c0cd7d755e48) Importer(815301076,1909f56bfc062723c751e8b465ee728b)  -> (artifact id: 'f76175dac5ba00b1e6c5a8918f8cb551') in 0.007225 seconds
  Import took 0.012568 seconds .

========================================================================
Received Import Request.
  Time since last request: 0.000368 seconds.
  path: Assets/Settings/HDRPLowQuality.asset
  artifactKey: Guid(168a2336534e4e043b2a210b6f8d379a) Importer(815301076,1909f56bfc062723c751e8b465ee728b)
Start importing Assets/Settings/HDRPLowQuality.asset using Guid(168a2336534e4e043b2a210b6f8d379a) Importer(815301076,1909f56bfc062723c751e8b465ee728b)  -> (artifact id: 'cf48e691868858c820c901e3930e5f94') in 0.007181 seconds
  Import took 0.012209 seconds .

========================================================================
Received Import Request.
  Time since last request: 20.023107 seconds.
  path: Assets/Art/Meshes/Props/Ball/Model/Ball.fbx
  artifactKey: Guid(0a34426304031834ebef443b222bba40) Importer(815301076,1909f56bfc062723c751e8b465ee728b)
Start importing Assets/Art/Meshes/Props/Ball/Model/Ball.fbx using Guid(0a34426304031834ebef443b222bba40) Importer(815301076,1909f56bfc062723c751e8b465ee728b)  -> (artifact id: 'ff8c4327fc1231846d913af67ac21cc2') in 0.043904 seconds
  Import took 0.049336 seconds .

========================================================================
Received Import Request.
  Time since last request: 0.000202 seconds.
  path: Packages/com.unity.searcher/Editor/Resources/FlatSkin/Font/Roboto-Light.ttf
  artifactKey: Guid(2a29e27936eb547458f646f71125b264) Importer(815301076,1909f56bfc062723c751e8b465ee728b)
Start importing Packages/com.unity.searcher/Editor/Resources/FlatSkin/Font/Roboto-Light.ttf using Guid(2a29e27936eb547458f646f71125b264) Importer(815301076,1909f56bfc062723c751e8b465ee728b)  -> (artifact id: '1f3f27490d8c0e8265d1040e6ebfc158') in 0.055441 seconds
  Import took 0.060512 seconds .

========================================================================
Received Import Request.
  Time since last request: 0.000189 seconds.
  path: Assets/Art/Meshes/Structure/Model/ST_Aisle_01.fbx
  artifactKey: Guid(a14c587d20d95c64b87da73879bf5894) Importer(815301076,1909f56bfc062723c751e8b465ee728b)
Start importing Assets/Art/Meshes/Structure/Model/ST_Aisle_01.fbx using Guid(a14c587d20d95c64b87da73879bf5894) Importer(815301076,1909f56bfc062723c751e8b465ee728b)  -> (artifact id: 'a3132087a9dc0e7eee6a1fe23caab31b') in 0.066511 seconds
  Import took 0.071762 seconds .

========================================================================
Received Import Request.
  Time since last request: 0.000189 seconds.
  path: Packages/com.unity.searcher/Editor/Resources/FlatSkin/Font/Roboto-Thin.ttf
  artifactKey: Guid(19a9abb883540be48b75b951a927ae03) Importer(815301076,1909f56bfc062723c751e8b465ee728b)
Start importing Packages/com.unity.searcher/Editor/Resources/FlatSkin/Font/Roboto-Thin.ttf using Guid(19a9abb883540be48b75b951a927ae03) Importer(815301076,1909f56bfc062723c751e8b465ee728b)  -> (artifact id: '7254320b28ce1da794034eab61ab2ed2') in 0.028452 seconds
  Import took 0.033625 seconds .

========================================================================
Received Import Request.
  Time since last request: 0.000221 seconds.
  path: Assets/Art/Meshes/Props/Lights/Model/Spotlight_Structure_01a.fbx
  artifactKey: Guid(873aa2b3c4d69c64eb42d11d17dfbca8) Importer(815301076,1909f56bfc062723c751e8b465ee728b)
Start importing Assets/Art/Meshes/Props/Lights/Model/Spotlight_Structure_01a.fbx using Guid(873aa2b3c4d69c64eb42d11d17dfbca8) Importer(815301076,1909f56bfc062723c751e8b465ee728b)  -> (artifact id: 'c4d12f7d0a7812e6a5a093177202a065') in 0.106885 seconds
  Import took 0.112687 seconds .

========================================================================
Received Import Request.
  Time since last request: 0.000210 seconds.
  path: Assets/Art/Meshes/Props/Nature/Model/Bamboo_C.fbx
  artifactKey: Guid(d02feacdd25b360458c742d0b723ece0) Importer(815301076,1909f56bfc062723c751e8b465ee728b)
Start importing Assets/Art/Meshes/Props/Nature/Model/Bamboo_C.fbx using Guid(d02feacdd25b360458c742d0b723ece0) Importer(815301076,1909f56bfc062723c751e8b465ee728b)  -> (artifact id: '3179ecd8a85c1fc8a6f86fa500111bd7') in 0.079739 seconds
  Import took 0.085238 seconds .

========================================================================
Received Import Request.
  Time since last request: 0.000197 seconds.
  path: Assets/Art/Meshes/Props/Nature/Model/Bamboo_A.fbx
  artifactKey: Guid(ec20dc31808dcd047a2c16c7bef30b83) Importer(815301076,1909f56bfc062723c751e8b465ee728b)
Start importing Assets/Art/Meshes/Props/Nature/Model/Bamboo_A.fbx using Guid(ec20dc31808dcd047a2c16c7bef30b83) Importer(815301076,1909f56bfc062723c751e8b465ee728b)  -> (artifact id: '7347e584ff265470b2ab8218749339b0') in 0.079140 seconds
  Import took 0.084519 seconds .

========================================================================
Received Import Request.
  Time since last request: 0.000191 seconds.
  path: Assets/Art/Meshes/Structure/Model/Railing_01.fbx
  artifactKey: Guid(b6b88a1ea8b8326409893560e5e6fac7) Importer(815301076,1909f56bfc062723c751e8b465ee728b)
Start importing Assets/Art/Meshes/Structure/Model/Railing_01.fbx using Guid(b6b88a1ea8b8326409893560e5e6fac7) Importer(815301076,1909f56bfc062723c751e8b465ee728b)  -> (artifact id: '7c3d512d10b0074de3155cd23c3ccda9') in 0.061190 seconds
  Import took 0.066427 seconds .

========================================================================
Received Import Request.
  Time since last request: 0.000190 seconds.
  path: Packages/com.unity.render-pipelines.high-definition/Runtime/RenderPipelineResources/Material/DefaultHDDecalMaterial.mat
  artifactKey: Guid(500e733574922d04ea961553b1b26a63) Importer(815301076,1909f56bfc062723c751e8b465ee728b)
Start importing Packages/com.unity.render-pipelines.high-definition/Runtime/RenderPipelineResources/Material/DefaultHDDecalMaterial.mat using Guid(500e733574922d04ea961553b1b26a63) Importer(815301076,1909f56bfc062723c751e8b465ee728b)  -> (artifact id: 'f8b4f04315b0fe6bbd03477d4d48708e') in 0.031110 seconds
  Import took 0.036173 seconds .

========================================================================
Received Import Request.
  Time since last request: 0.000183 seconds.
  path: Assets/Art/Meshes/Props/Lights/Model/Spotlight_Spot_01b.fbx
  artifactKey: Guid(9c519041225bfa644bfc865f3ccb3b03) Importer(815301076,1909f56bfc062723c751e8b465ee728b)
Start importing Assets/Art/Meshes/Props/Lights/Model/Spotlight_Spot_01b.fbx using Guid(9c519041225bfa644bfc865f3ccb3b03) Importer(815301076,1909f56bfc062723c751e8b465ee728b)  -> (artifact id: '699cd5fda62286167374d943eb8626ad') in 0.102112 seconds
  Import took 0.107618 seconds .

========================================================================
Received Import Request.
  Time since last request: 0.000190 seconds.
  path: Assets/Art/Meshes/Structure/Model/TR_Counter_01.fbx
  artifactKey: Guid(93a4b7efc82a6bf48ae489a6b36f228d) Importer(815301076,1909f56bfc062723c751e8b465ee728b)
Start importing Assets/Art/Meshes/Structure/Model/TR_Counter_01.fbx using Guid(93a4b7efc82a6bf48ae489a6b36f228d) Importer(815301076,1909f56bfc062723c751e8b465ee728b)  -> (artifact id: '49f2ec43d5601291a944dcfbba4c0cf3') in 0.375952 seconds
  Import took 0.381234 seconds .

========================================================================
Received Import Request.
  Time since last request: 0.000193 seconds.
  path: Assets/Art/Meshes/Props/Furniture/Models/LoungeChair_01.fbx
  artifactKey: Guid(6e3ba455dd217e04a9db01a0853f7bf6) Importer(815301076,1909f56bfc062723c751e8b465ee728b)
Start importing Assets/Art/Meshes/Props/Furniture/Models/LoungeChair_01.fbx using Guid(6e3ba455dd217e04a9db01a0853f7bf6) Importer(815301076,1909f56bfc062723c751e8b465ee728b)  -> (artifact id: 'cf6f39cf110aad6df4bdd8149de131e5') in 0.105648 seconds
  Import took 0.111118 seconds .

========================================================================
Received Import Request.
  Time since last request: 0.000197 seconds.
  path: Packages/com.unity.render-pipelines.high-definition/Runtime/RenderPipelineResources/Mesh/Sphere.fbx
  artifactKey: Guid(9e0af751bc36ea146940ba245193e28c) Importer(815301076,1909f56bfc062723c751e8b465ee728b)
Start importing Packages/com.unity.render-pipelines.high-definition/Runtime/RenderPipelineResources/Mesh/Sphere.fbx using Guid(9e0af751bc36ea146940ba245193e28c) Importer(815301076,1909f56bfc062723c751e8b465ee728b)  -> (artifact id: 'b44ad63e388e858b54c4c657be34ce86') in 0.047862 seconds
  Import took 0.053036 seconds .

========================================================================
Received Import Request.
  Time since last request: 0.000196 seconds.
  path: Assets/Art/Meshes/Props/Nature/Model/Plant_C_03.fbx
  artifactKey: Guid(ef175d9f526e0ef47b7a8fb33cc9e136) Importer(815301076,1909f56bfc062723c751e8b465ee728b)
Start importing Assets/Art/Meshes/Props/Nature/Model/Plant_C_03.fbx using Guid(ef175d9f526e0ef47b7a8fb33cc9e136) Importer(815301076,1909f56bfc062723c751e8b465ee728b)  -> (artifact id: '054257487b8d17ec812e3db1aa40d4e3') in 0.076803 seconds
  Import took 0.082149 seconds .

========================================================================
Received Import Request.
  Time since last request: 0.000191 seconds.
  path: Packages/com.unity.searcher/Editor/Resources/FlatSkin/Font/Roboto-MediumItalic.ttf
  artifactKey: Guid(d93c1bc57fdf1ac4dad1bf04fac05464) Importer(815301076,1909f56bfc062723c751e8b465ee728b)
Start importing Packages/com.unity.searcher/Editor/Resources/FlatSkin/Font/Roboto-MediumItalic.ttf using Guid(d93c1bc57fdf1ac4dad1bf04fac05464) Importer(815301076,1909f56bfc062723c751e8b465ee728b)  -> (artifact id: '8528ffe2229d58aa919251760655aa93') in 0.029431 seconds
  Import took 0.034870 seconds .

========================================================================
Received Import Request.
  Time since last request: 0.000206 seconds.
  path: Packages/com.unity.render-pipelines.high-definition/Runtime/RenderPipelineResources/Material/DefaultHDParticleMaterial.mat
  artifactKey: Guid(b739a3f02ff77bf48b7636e64c3e3b4c) Importer(815301076,1909f56bfc062723c751e8b465ee728b)
Start importing Packages/com.unity.render-pipelines.high-definition/Runtime/RenderPipelineResources/Material/DefaultHDParticleMaterial.mat using Guid(b739a3f02ff77bf48b7636e64c3e3b4c) Importer(815301076,1909f56bfc062723c751e8b465ee728b)  -> (artifact id: '4e9b018c13eaef200874ca3de01bf4cf') in 0.036325 seconds
  Import took 0.041856 seconds .

========================================================================
Received Import Request.
  Time since last request: 0.000187 seconds.
  path: Packages/com.unity.render-pipelines.high-definition/Editor/RenderPipelineResources/Material/GUITextureBlit2SRGB.mat
  artifactKey: Guid(6e95c04e4e686554e8bed96ee69f690c) Importer(815301076,1909f56bfc062723c751e8b465ee728b)
Start importing Packages/com.unity.render-pipelines.high-definition/Editor/RenderPipelineResources/Material/GUITextureBlit2SRGB.mat using Guid(6e95c04e4e686554e8bed96ee69f690c) Importer(815301076,1909f56bfc062723c751e8b465ee728b)  -> (artifact id: 'e383ab0bf224c448a533f92a3666742e') in 0.031287 seconds
  Import took 0.036630 seconds .

========================================================================
Received Import Request.
  Time since last request: 0.000195 seconds.
  path: Assets/Art/Meshes/Structure/Model/SR_SectionCeiling_01.fbx
  artifactKey: Guid(a6dcdb995d91897419a0bac2b341b35d) Importer(815301076,1909f56bfc062723c751e8b465ee728b)
Start importing Assets/Art/Meshes/Structure/Model/SR_SectionCeiling_01.fbx using Guid(a6dcdb995d91897419a0bac2b341b35d) Importer(815301076,1909f56bfc062723c751e8b465ee728b)  -> (artifact id: 'b5d18543ec6dc00687b90c5d06a032d9') in 0.062621 seconds
  Import took 0.067818 seconds .

========================================================================
Received Import Request.
  Time since last request: 0.000196 seconds.
  path: Assets/Art/Meshes/Props/Nature/Model/Bush_01.fbx
  artifactKey: Guid(b75e331c16b1d094692ffdc1afe41612) Importer(815301076,1909f56bfc062723c751e8b465ee728b)
Start importing Assets/Art/Meshes/Props/Nature/Model/Bush_01.fbx using Guid(b75e331c16b1d094692ffdc1afe41612) Importer(815301076,1909f56bfc062723c751e8b465ee728b)  -> (artifact id: 'b73802303985c96a410bd10dbb04b9d3') in 0.061127 seconds
  Import took 0.066538 seconds .

========================================================================
Received Import Request.
  Time since last request: 0.000199 seconds.
  path: Assets/Art/Meshes/Structure/Model/FS_Aisle_01.fbx
  artifactKey: Guid(5991ec3b02565304692b00788ab59fa9) Importer(815301076,1909f56bfc062723c751e8b465ee728b)
Start importing Assets/Art/Meshes/Structure/Model/FS_Aisle_01.fbx using Guid(5991ec3b02565304692b00788ab59fa9) Importer(815301076,1909f56bfc062723c751e8b465ee728b)  -> (artifact id: '4e31fea649035bf02b5b0a9b6d9454aa') in 0.068964 seconds
  Import took 0.074785 seconds .

========================================================================
Received Import Request.
  Time since last request: 0.000205 seconds.
  path: Assets/Art/Meshes/Props/Lights/Model/CeilingLamp_Lamp_01.fbx
  artifactKey: Guid(7931acb98e4dbae4fb720b7c34166bec) Importer(815301076,1909f56bfc062723c751e8b465ee728b)
Start importing Assets/Art/Meshes/Props/Lights/Model/CeilingLamp_Lamp_01.fbx using Guid(7931acb98e4dbae4fb720b7c34166bec) Importer(815301076,1909f56bfc062723c751e8b465ee728b)  -> (artifact id: '88acf78ee4d0118d02fa883b8e9977d7') in 0.078312 seconds
  Import took 0.084050 seconds .

========================================================================
Received Import Request.
  Time since last request: 0.000205 seconds.
  path: Assets/Art/Meshes/Props/Furniture/Models/RoundTable_01.fbx
  artifactKey: Guid(8017e1c6af27e2940b3bb83f6c6ebcc5) Importer(815301076,1909f56bfc062723c751e8b465ee728b)
Start importing Assets/Art/Meshes/Props/Furniture/Models/RoundTable_01.fbx using Guid(8017e1c6af27e2940b3bb83f6c6ebcc5) Importer(815301076,1909f56bfc062723c751e8b465ee728b)  -> (artifact id: '54b6100e86fc5148c8b450405ebd65c0') in 0.116072 seconds
  Import took 0.121601 seconds .

========================================================================
Received Import Request.
  Time since last request: 0.000201 seconds.
  path: Assets/Art/Meshes/Structure/Model/FR_SectionA_01.fbx
  artifactKey: Guid(d2564ebb3beeaca47b554810141df024) Importer(815301076,1909f56bfc062723c751e8b465ee728b)
Start importing Assets/Art/Meshes/Structure/Model/FR_SectionA_01.fbx using Guid(d2564ebb3beeaca47b554810141df024) Importer(815301076,1909f56bfc062723c751e8b465ee728b)  -> (artifact id: 'df295d8493d65557e4b47f9b09f746ed') in 0.061919 seconds
  Import took 0.067470 seconds .

========================================================================
Received Import Request.
  Time since last request: 0.000193 seconds.
  path: Assets/Art/Meshes/Props/Lights/Model/Spotlight_Spot_01a.fbx
  artifactKey: Guid(4ad8548a0773a9647aa779c9b5e6cd54) Importer(815301076,1909f56bfc062723c751e8b465ee728b)
Start importing Assets/Art/Meshes/Props/Lights/Model/Spotlight_Spot_01a.fbx using Guid(4ad8548a0773a9647aa779c9b5e6cd54) Importer(815301076,1909f56bfc062723c751e8b465ee728b)  -> (artifact id: '3d1d8b16f88011147d3ee6a284dc18c8') in 0.101552 seconds
  Import took 0.107032 seconds .

========================================================================
Received Import Request.
  Time since last request: 0.000225 seconds.
  path: Assets/Art/Meshes/Props/Furniture/Models/Pot_01.fbx
  artifactKey: Guid(6ab1bb6455af87b4eb54f8d4c9523975) Importer(815301076,1909f56bfc062723c751e8b465ee728b)
Start importing Assets/Art/Meshes/Props/Furniture/Models/Pot_01.fbx using Guid(6ab1bb6455af87b4eb54f8d4c9523975) Importer(815301076,1909f56bfc062723c751e8b465ee728b)  -> (artifact id: '8125338cc2a2fb5bf89d837cc622d7e0') in 0.079472 seconds
  Import took 0.085255 seconds .

========================================================================
Received Import Request.
  Time since last request: 0.000186 seconds.
  path: Assets/Art/Meshes/Structure/Model/TR_CurveWall_01.fbx
  artifactKey: Guid(1afb92d10ccf8d440ab494fb20332849) Importer(815301076,1909f56bfc062723c751e8b465ee728b)
Start importing Assets/Art/Meshes/Structure/Model/TR_CurveWall_01.fbx using Guid(1afb92d10ccf8d440ab494fb20332849) Importer(815301076,1909f56bfc062723c751e8b465ee728b)  -> (artifact id: '8a5cb3412a1c761a598967723a3db336') in 0.072546 seconds
  Import took 0.078065 seconds .

========================================================================
Received Import Request.
  Time since last request: 0.000190 seconds.
  path: Assets/Art/Meshes/Structure/Model/TR_SectionA_01.fbx
  artifactKey: Guid(78ec04c4abf3e224fa4403171c5420d0) Importer(815301076,1909f56bfc062723c751e8b465ee728b)
Start importing Assets/Art/Meshes/Structure/Model/TR_SectionA_01.fbx using Guid(78ec04c4abf3e224fa4403171c5420d0) Importer(815301076,1909f56bfc062723c751e8b465ee728b)  -> (artifact id: 'df95a412d12cd474403e504ec7278a28') in 0.068256 seconds
  Import took 0.073828 seconds .

========================================================================
Received Import Request.
  Time since last request: 0.000186 seconds.
  path: Packages/com.unity.searcher/Editor/Resources/FlatSkin/Font/Roboto-Black.ttf
  artifactKey: Guid(1062c701058745940ae5dca6219c64c8) Importer(815301076,1909f56bfc062723c751e8b465ee728b)
Start importing Packages/com.unity.searcher/Editor/Resources/FlatSkin/Font/Roboto-Black.ttf using Guid(1062c701058745940ae5dca6219c64c8) Importer(815301076,1909f56bfc062723c751e8b465ee728b)  -> (artifact id: '5decb2b8aa62d1c6d60cf0ffd8794869') in 0.028791 seconds
  Import took 0.034329 seconds .

========================================================================
Received Import Request.
  Time since last request: 0.000242 seconds.
  path: Packages/com.unity.render-pipelines.high-definition/Runtime/RenderPipelineResources/Mesh/Cylinder.fbx
  artifactKey: Guid(accb6d90f0d50fe4ca0f68159b4323de) Importer(815301076,1909f56bfc062723c751e8b465ee728b)
Start importing Packages/com.unity.render-pipelines.high-definition/Runtime/RenderPipelineResources/Mesh/Cylinder.fbx using Guid(accb6d90f0d50fe4ca0f68159b4323de) Importer(815301076,1909f56bfc062723c751e8b465ee728b)  -> (artifact id: '2a35cb65ea788fb8c9f114e40e184ede') in 0.045763 seconds
  Import took 0.051379 seconds .

========================================================================
Received Import Request.
  Time since last request: 0.000209 seconds.
  path: Packages/com.unity.searcher/Editor/Resources/FlatSkin/Font/Roboto-Regular.ttf
  artifactKey: Guid(30dc370b164eefc43b95744fc796dad0) Importer(815301076,1909f56bfc062723c751e8b465ee728b)
Start importing Packages/com.unity.searcher/Editor/Resources/FlatSkin/Font/Roboto-Regular.ttf using Guid(30dc370b164eefc43b95744fc796dad0) Importer(815301076,1909f56bfc062723c751e8b465ee728b)  -> (artifact id: '67d2542ef54d90d774552f7482c7a118') in 0.029283 seconds
  Import took 0.034746 seconds .

========================================================================
Received Import Request.
  Time since last request: 0.000181 seconds.
  path: Packages/com.unity.render-pipelines.high-definition/Runtime/RenderPipelineResources/Material/DefaultHDMirrorMaterial.mat
  artifactKey: Guid(6b17274157b33bc45b6a40e7d4ff51fe) Importer(815301076,1909f56bfc062723c751e8b465ee728b)
Start importing Packages/com.unity.render-pipelines.high-definition/Runtime/RenderPipelineResources/Material/DefaultHDMirrorMaterial.mat using Guid(6b17274157b33bc45b6a40e7d4ff51fe) Importer(815301076,1909f56bfc062723c751e8b465ee728b)  -> (artifact id: 'a9844d2964619fe59a9fcf428b3926d0') in 0.031145 seconds
  Import took 0.036787 seconds .

========================================================================
Received Import Request.
  Time since last request: 0.000267 seconds.
  path: Assets/Art/Meshes/Structure/Model/SR_Pillar_01.fbx
  artifactKey: Guid(9ef6089f32dde634788c6de453630fa1) Importer(815301076,1909f56bfc062723c751e8b465ee728b)
Start importing Assets/Art/Meshes/Structure/Model/SR_Pillar_01.fbx using Guid(9ef6089f32dde634788c6de453630fa1) Importer(815301076,1909f56bfc062723c751e8b465ee728b)  -> (artifact id: '1ec54d8bcc00cacf44e6857a97d1c5f8') in 0.062868 seconds
  Import took 0.068698 seconds .

========================================================================
Received Import Request.
  Time since last request: 0.000199 seconds.
  path: Assets/Art/Meshes/Structure/Model/SR_SectionWall_01.fbx
  artifactKey: Guid(8af0f10b22758344ebdbaeb3d0a22c3a) Importer(815301076,1909f56bfc062723c751e8b465ee728b)
Start importing Assets/Art/Meshes/Structure/Model/SR_SectionWall_01.fbx using Guid(8af0f10b22758344ebdbaeb3d0a22c3a) Importer(815301076,1909f56bfc062723c751e8b465ee728b)  -> (artifact id: 'bb59f72d0e22e6909af8b0a59a0d5973') in 0.062164 seconds
  Import took 0.067859 seconds .

========================================================================
Received Import Request.
  Time since last request: 0.000189 seconds.
  path: Packages/com.unity.render-pipelines.high-definition/Runtime/RenderPipelineResources/Material/DefaultHDMaterial.mat
  artifactKey: Guid(73c176f402d2c2f4d929aa5da7585d17) Importer(815301076,1909f56bfc062723c751e8b465ee728b)
Start importing Packages/com.unity.render-pipelines.high-definition/Runtime/RenderPipelineResources/Material/DefaultHDMaterial.mat using Guid(73c176f402d2c2f4d929aa5da7585d17) Importer(815301076,1909f56bfc062723c751e8b465ee728b)  -> (artifact id: '1f4bc4053378e7ca91110bbf53e01020') in 0.032441 seconds
  Import took 0.037958 seconds .

========================================================================
Received Import Request.
  Time since last request: 0.000201 seconds.
  path: Assets/Art/Meshes/Structure/Model/SR_Wall_01.fbx
  artifactKey: Guid(efadd0c563ee7fb46917d9a15f897f17) Importer(815301076,1909f56bfc062723c751e8b465ee728b)
Start importing Assets/Art/Meshes/Structure/Model/SR_Wall_01.fbx using Guid(efadd0c563ee7fb46917d9a15f897f17) Importer(815301076,1909f56bfc062723c751e8b465ee728b)  -> (artifact id: '40f08cf74a8401f107d683d663e5cc3a') in 0.061192 seconds
  Import took 0.066785 seconds .

========================================================================
Received Import Request.
  Time since last request: 0.000193 seconds.
  path: Packages/com.unity.render-pipelines.core/Runtime/Debugging/Prefabs/Fonts/Perfect DOS VGA 437.ttf
  artifactKey: Guid(74a5091d8707f334b9a5c31ef71a64ba) Importer(815301076,1909f56bfc062723c751e8b465ee728b)
Start importing Packages/com.unity.render-pipelines.core/Runtime/Debugging/Prefabs/Fonts/Perfect DOS VGA 437.ttf using Guid(74a5091d8707f334b9a5c31ef71a64ba) Importer(815301076,1909f56bfc062723c751e8b465ee728b)  -> (artifact id: '0d1bd5f9d7499deb6eeb2ce2167c9d75') in 0.029989 seconds
  Import took 0.035494 seconds .

========================================================================
Received Import Request.
  Time since last request: 0.000227 seconds.
  path: Packages/com.unity.render-pipelines.high-definition/Runtime/RenderPipelineResources/Material/DefaultHDTerrainMaterial.mat
  artifactKey: Guid(22ff8771d87ef27429e670136399094b) Importer(815301076,1909f56bfc062723c751e8b465ee728b)
Start importing Packages/com.unity.render-pipelines.high-definition/Runtime/RenderPipelineResources/Material/DefaultHDTerrainMaterial.mat using Guid(22ff8771d87ef27429e670136399094b) Importer(815301076,1909f56bfc062723c751e8b465ee728b)  -> (artifact id: '1ec6270bde042fdde0ae1294b7010486') in 0.558177 seconds
  Import took 0.563588 seconds .

========================================================================
Received Import Request.
  Time since last request: 0.000195 seconds.
  path: Assets/Art/Meshes/Props/Furniture/Models/GlassCase_01.fbx
  artifactKey: Guid(5ee624ffeecf1324aba047bca3298fe7) Importer(815301076,1909f56bfc062723c751e8b465ee728b)
Start importing Assets/Art/Meshes/Props/Furniture/Models/GlassCase_01.fbx using Guid(5ee624ffeecf1324aba047bca3298fe7) Importer(815301076,1909f56bfc062723c751e8b465ee728b)  -> (artifact id: '4ed13ffa465dd497ee37f463ae2df243') in 0.117497 seconds
  Import took 0.123036 seconds .

========================================================================
Received Import Request.
  Time since last request: 0.000200 seconds.
  path: Assets/Art/Meshes/Props/Nature/Model/Plant_C_02.fbx
  artifactKey: Guid(5e7a5827c5b20aa49b565a7cee3a2f2b) Importer(815301076,1909f56bfc062723c751e8b465ee728b)
Start importing Assets/Art/Meshes/Props/Nature/Model/Plant_C_02.fbx using Guid(5e7a5827c5b20aa49b565a7cee3a2f2b) Importer(815301076,1909f56bfc062723c751e8b465ee728b)  -> (artifact id: 'c7bb2980a14efaa539a239f7f0810349') in 0.071906 seconds
  Import took 0.077348 seconds .

========================================================================
Received Import Request.
  Time since last request: 0.000191 seconds.
  path: Assets/Art/Meshes/Structure/Model/SR_SectionFloor_01.fbx
  artifactKey: Guid(a613aa8222f19e441ba4840c930f7489) Importer(815301076,1909f56bfc062723c751e8b465ee728b)
Start importing Assets/Art/Meshes/Structure/Model/SR_SectionFloor_01.fbx using Guid(a613aa8222f19e441ba4840c930f7489) Importer(815301076,1909f56bfc062723c751e8b465ee728b)  -> (artifact id: '08d65d8b6b9a94bcb95a9b0fcb0bf953') in 0.062407 seconds
  Import took 0.067862 seconds .

========================================================================
Received Import Request.
  Time since last request: 0.000204 seconds.
  path: Packages/com.unity.searcher/Editor/Resources/FlatSkin/Font/Roboto-BlackItalic.ttf
  artifactKey: Guid(f95147a9bab9fe649b8070170fa7ebd2) Importer(815301076,1909f56bfc062723c751e8b465ee728b)
Start importing Packages/com.unity.searcher/Editor/Resources/FlatSkin/Font/Roboto-BlackItalic.ttf using Guid(f95147a9bab9fe649b8070170fa7ebd2) Importer(815301076,1909f56bfc062723c751e8b465ee728b)  -> (artifact id: 'b244bdf22bbc595b5f1cdf5538805fdd') in 0.028944 seconds
  Import took 0.034459 seconds .

========================================================================
Received Import Request.
  Time since last request: 0.000184 seconds.
  path: Assets/Art/Meshes/Props/Nature/Model/Rock_A_02.fbx
  artifactKey: Guid(3bb55b9dc42e34c47b35dea94575a162) Importer(815301076,1909f56bfc062723c751e8b465ee728b)
Start importing Assets/Art/Meshes/Props/Nature/Model/Rock_A_02.fbx using Guid(3bb55b9dc42e34c47b35dea94575a162) Importer(815301076,1909f56bfc062723c751e8b465ee728b)  -> (artifact id: '5513ca94b1d52349d2b1d6a0889a7b2d') in 0.101638 seconds
  Import took 0.107142 seconds .

========================================================================
Received Import Request.
  Time since last request: 0.000192 seconds.
  path: Packages/com.unity.render-pipelines.high-definition/Runtime/RenderPipelineResources/Mesh/HumanEyeModel.fbx
  artifactKey: Guid(bc7f614d61b9b2a49a9ca3530b20da5c) Importer(815301076,1909f56bfc062723c751e8b465ee728b)
Start importing Packages/com.unity.render-pipelines.high-definition/Runtime/RenderPipelineResources/Mesh/HumanEyeModel.fbx using Guid(bc7f614d61b9b2a49a9ca3530b20da5c) Importer(815301076,1909f56bfc062723c751e8b465ee728b)  -> (artifact id: '8464f322dc24a0c2e2e9cc44be88a884') in 0.049758 seconds
  Import took 0.055094 seconds .

========================================================================
Received Import Request.
  Time since last request: 0.000192 seconds.
  path: Packages/com.unity.render-pipelines.high-definition/Runtime/RenderPipelineResources/Mesh/UnityBall_Base.fbx
  artifactKey: Guid(232ab27f257e8524eacc2e73daf536f5) Importer(815301076,1909f56bfc062723c751e8b465ee728b)
Start importing Packages/com.unity.render-pipelines.high-definition/Runtime/RenderPipelineResources/Mesh/UnityBall_Base.fbx using Guid(232ab27f257e8524eacc2e73daf536f5) Importer(815301076,1909f56bfc062723c751e8b465ee728b)  -> (artifact id: 'a55a63f3519021e4a0e3a2c8d15d6fc3') in 0.035589 seconds
  Import took 0.040900 seconds .

========================================================================
Received Import Request.
  Time since last request: 0.000187 seconds.
  path: Assets/Art/Meshes/Props/Nature/Model/Rock_A_01.fbx
  artifactKey: Guid(05495f8d2f8d91746a6bef216c28f5d9) Importer(815301076,1909f56bfc062723c751e8b465ee728b)
Start importing Assets/Art/Meshes/Props/Nature/Model/Rock_A_01.fbx using Guid(05495f8d2f8d91746a6bef216c28f5d9) Importer(815301076,1909f56bfc062723c751e8b465ee728b)  -> (artifact id: 'd30ea055ffb90ed27a4803de39715657') in 0.099762 seconds
  Import took 0.105244 seconds .

========================================================================
Received Import Request.
  Time since last request: 0.000182 seconds.
  path: Assets/Art/Meshes/Props/Nature/Model/Bamboo_B.fbx
  artifactKey: Guid(7bd790bef3ce34c4e9fd850d53deed02) Importer(815301076,1909f56bfc062723c751e8b465ee728b)
Start importing Assets/Art/Meshes/Props/Nature/Model/Bamboo_B.fbx using Guid(7bd790bef3ce34c4e9fd850d53deed02) Importer(815301076,1909f56bfc062723c751e8b465ee728b)  -> (artifact id: '49637e300fdda3b20d3cc6a12b4ae976') in 0.081431 seconds
  Import took 0.086983 seconds .

========================================================================
Received Import Request.
  Time since last request: 0.000186 seconds.
  path: Packages/com.unity.searcher/Editor/Resources/FlatSkin/Font/Roboto-Bold.ttf
  artifactKey: Guid(3750c318f40cab44a97d3a81beaefeb3) Importer(815301076,1909f56bfc062723c751e8b465ee728b)
Start importing Packages/com.unity.searcher/Editor/Resources/FlatSkin/Font/Roboto-Bold.ttf using Guid(3750c318f40cab44a97d3a81beaefeb3) Importer(815301076,1909f56bfc062723c751e8b465ee728b)  -> (artifact id: '5aeadc8a12d4fbf81b9461ae3a449a8c') in 0.029335 seconds
  Import took 0.034902 seconds .

========================================================================
Received Import Request.
  Time since last request: 0.000202 seconds.
  path: Assets/Art/Meshes/Props/Nature/Model/Bamboo_D.fbx
  artifactKey: Guid(692379ddfbf364b42a862275c05ccc44) Importer(815301076,1909f56bfc062723c751e8b465ee728b)
Start importing Assets/Art/Meshes/Props/Nature/Model/Bamboo_D.fbx using Guid(692379ddfbf364b42a862275c05ccc44) Importer(815301076,1909f56bfc062723c751e8b465ee728b)  -> (artifact id: '1a240ec70fafeeadfd3714c60afc6969') in 0.078823 seconds
  Import took 0.084612 seconds .

========================================================================
Received Import Request.
  Time since last request: 0.000195 seconds.
  path: Packages/com.unity.searcher/Editor/Resources/FlatSkin/Font/Roboto-Italic.ttf
  artifactKey: Guid(c839255fc8f6b4b4d90bf8c1af9f9bd1) Importer(815301076,1909f56bfc062723c751e8b465ee728b)
Start importing Packages/com.unity.searcher/Editor/Resources/FlatSkin/Font/Roboto-Italic.ttf using Guid(c839255fc8f6b4b4d90bf8c1af9f9bd1) Importer(815301076,1909f56bfc062723c751e8b465ee728b)  -> (artifact id: '1254023371ef7041bd4c5df38d49af37') in 0.034336 seconds
  Import took 0.039857 seconds .

========================================================================
Received Import Request.
  Time since last request: 0.000237 seconds.
  path: Packages/com.unity.searcher/Editor/Resources/FlatSkin/Font/Roboto-ThinItalic.ttf
  artifactKey: Guid(b2ea3b3f1765e544b9eb5bd1a93a91ce) Importer(815301076,1909f56bfc062723c751e8b465ee728b)
Start importing Packages/com.unity.searcher/Editor/Resources/FlatSkin/Font/Roboto-ThinItalic.ttf using Guid(b2ea3b3f1765e544b9eb5bd1a93a91ce) Importer(815301076,1909f56bfc062723c751e8b465ee728b)  -> (artifact id: 'dfc508aebb0aacb66126e48beb313ebc') in 0.032720 seconds
  Import took 0.038484 seconds .

========================================================================
Received Import Request.
  Time since last request: 0.000191 seconds.
  path: Assets/Art/Meshes/Structure/Model/TR_Pillar_01.fbx
  artifactKey: Guid(7d044b3abe122574fab0642ca8c24f67) Importer(815301076,1909f56bfc062723c751e8b465ee728b)
Start importing Assets/Art/Meshes/Structure/Model/TR_Pillar_01.fbx using Guid(7d044b3abe122574fab0642ca8c24f67) Importer(815301076,1909f56bfc062723c751e8b465ee728b)  -> (artifact id: 'ed3c1c09c49c9a04407f6dc679f03969') in 0.063713 seconds
  Import took 0.069189 seconds .

========================================================================
Received Import Request.
  Time since last request: 0.000196 seconds.
  path: Packages/com.unity.render-pipelines.high-definition/Runtime/RenderPipelineResources/Mesh/Disc.fbx
  artifactKey: Guid(aa0197e8182e0924897ca6c14966b2d0) Importer(815301076,1909f56bfc062723c751e8b465ee728b)
Start importing Packages/com.unity.render-pipelines.high-definition/Runtime/RenderPipelineResources/Mesh/Disc.fbx using Guid(aa0197e8182e0924897ca6c14966b2d0) Importer(815301076,1909f56bfc062723c751e8b465ee728b)  -> (artifact id: '047a4ebef923e0e84bf8942d0eba8615') in 0.052713 seconds
  Import took 0.058112 seconds .

========================================================================
Received Import Request.
  Time since last request: 0.000186 seconds.
  path: Packages/com.unity.render-pipelines.high-definition/Runtime/RenderPipelineResources/Mesh/UnityBall.fbx
  artifactKey: Guid(abd6f93423e74814797118f1c6d9393b) Importer(815301076,1909f56bfc062723c751e8b465ee728b)
Start importing Packages/com.unity.render-pipelines.high-definition/Runtime/RenderPipelineResources/Mesh/UnityBall.fbx using Guid(abd6f93423e74814797118f1c6d9393b) Importer(815301076,1909f56bfc062723c751e8b465ee728b)  -> (artifact id: 'd5b4b75c37a714546c90abbfad7034cc') in 0.038631 seconds
  Import took 0.044174 seconds .

========================================================================
Received Import Request.
  Time since last request: 0.000189 seconds.
  path: Assets/Art/Meshes/Props/Nature/Model/Fern_01.fbx
  artifactKey: Guid(85161be91b7eeca488c205296f897b1e) Importer(815301076,1909f56bfc062723c751e8b465ee728b)
Start importing Assets/Art/Meshes/Props/Nature/Model/Fern_01.fbx using Guid(85161be91b7eeca488c205296f897b1e) Importer(815301076,1909f56bfc062723c751e8b465ee728b)  -> (artifact id: 'ddd757584705d917f9429455d47f76c2') in 0.087360 seconds
  Import took 0.093124 seconds .

========================================================================
Received Import Request.
  Time since last request: 0.000236 seconds.
  path: Assets/Art/Meshes/Structure/Model/FR_Platform_01.fbx
  artifactKey: Guid(e89a4afe12d9bea49a7ee33cc1b98ab6) Importer(815301076,1909f56bfc062723c751e8b465ee728b)
Start importing Assets/Art/Meshes/Structure/Model/FR_Platform_01.fbx using Guid(e89a4afe12d9bea49a7ee33cc1b98ab6) Importer(815301076,1909f56bfc062723c751e8b465ee728b)  -> (artifact id: 'a2b863091e334c780b036c4e14a7d2a8') in 0.081499 seconds
  Import took 0.087514 seconds .

========================================================================
Received Import Request.
  Time since last request: 0.000189 seconds.
  path: Assets/Art/Meshes/Props/Nature/Model/Rock_A_03.fbx
  artifactKey: Guid(0347a2ca593e212468d38a00c0f15925) Importer(815301076,1909f56bfc062723c751e8b465ee728b)
Start importing Assets/Art/Meshes/Props/Nature/Model/Rock_A_03.fbx using Guid(0347a2ca593e212468d38a00c0f15925) Importer(815301076,1909f56bfc062723c751e8b465ee728b)  -> (artifact id: '9eaa9b5593dbf24c6a93d45770d220a7') in 0.093768 seconds
  Import took 0.099313 seconds .

========================================================================
Received Import Request.
  Time since last request: 0.000202 seconds.
  path: Assets/Art/Meshes/Structure/Model/SR_CurveWall_01.fbx
  artifactKey: Guid(7d54407955bf782428f29fdef43a314e) Importer(815301076,1909f56bfc062723c751e8b465ee728b)
Start importing Assets/Art/Meshes/Structure/Model/SR_CurveWall_01.fbx using Guid(7d54407955bf782428f29fdef43a314e) Importer(815301076,1909f56bfc062723c751e8b465ee728b)  -> (artifact id: '1f9171213489c88e2db5d1d3d633edf7') in 0.068113 seconds
  Import took 0.073811 seconds .

========================================================================
Received Import Request.
  Time since last request: 0.000192 seconds.
  path: Assets/Art/Meshes/Props/Ball/Model/Base.fbx
  artifactKey: Guid(916a8fb579c63874394827cbec0773ae) Importer(815301076,1909f56bfc062723c751e8b465ee728b)
Start importing Assets/Art/Meshes/Props/Ball/Model/Base.fbx using Guid(916a8fb579c63874394827cbec0773ae) Importer(815301076,1909f56bfc062723c751e8b465ee728b)  -> (artifact id: '89f11e06cc8eac1b268c8b77fc17ff59') in 0.037342 seconds
  Import took 0.042894 seconds .

========================================================================
Received Import Request.
  Time since last request: 0.000196 seconds.
  path: Assets/Art/Meshes/Props/Furniture/Models/Barstool_01.fbx
  artifactKey: Guid(729b08ff66518024f98cf8a1414b0629) Importer(815301076,1909f56bfc062723c751e8b465ee728b)
Start importing Assets/Art/Meshes/Props/Furniture/Models/Barstool_01.fbx using Guid(729b08ff66518024f98cf8a1414b0629) Importer(815301076,1909f56bfc062723c751e8b465ee728b)  -> (artifact id: '7cff5d8c9f89af84fd7ec2978b5fbe59') in 0.050236 seconds
  Import took 0.055728 seconds .

========================================================================
Received Import Request.
  Time since last request: 0.000199 seconds.
  path: Assets/Art/Meshes/Structure/Model/TR_SectionB_01.fbx
  artifactKey: Guid(d69ba50c5030c154ca8ed64a2d0fef3f) Importer(815301076,1909f56bfc062723c751e8b465ee728b)
Start importing Assets/Art/Meshes/Structure/Model/TR_SectionB_01.fbx using Guid(d69ba50c5030c154ca8ed64a2d0fef3f) Importer(815301076,1909f56bfc062723c751e8b465ee728b)  -> (artifact id: '754207e29f1614996ca1ae0613befb09') in 0.073332 seconds
  Import took 0.079171 seconds .

========================================================================
Received Import Request.
  Time since last request: 0.000193 seconds.
  path: Packages/com.unity.searcher/Editor/Resources/FlatSkin/Font/Roboto-Medium.ttf
  artifactKey: Guid(a51a3aebb43ac044989270407476b208) Importer(815301076,1909f56bfc062723c751e8b465ee728b)
Start importing Packages/com.unity.searcher/Editor/Resources/FlatSkin/Font/Roboto-Medium.ttf using Guid(a51a3aebb43ac044989270407476b208) Importer(815301076,1909f56bfc062723c751e8b465ee728b)  -> (artifact id: 'bd9d69ffb98b6296394093958b819f9b') in 0.032050 seconds
  Import took 0.037703 seconds .

========================================================================
Received Import Request.
  Time since last request: 0.000208 seconds.
  path: Packages/com.unity.searcher/Editor/Resources/FlatSkin/Font/Roboto-BoldItalic.ttf
  artifactKey: Guid(dfb97a9307a577a41bcacba34b9a7e32) Importer(815301076,1909f56bfc062723c751e8b465ee728b)
Start importing Packages/com.unity.searcher/Editor/Resources/FlatSkin/Font/Roboto-BoldItalic.ttf using Guid(dfb97a9307a577a41bcacba34b9a7e32) Importer(815301076,1909f56bfc062723c751e8b465ee728b)  -> (artifact id: '194fbbca82e66c2f60003fdfe325868c') in 0.032237 seconds
  Import took 0.037748 seconds .

========================================================================
Received Import Request.
  Time since last request: 0.000191 seconds.
  path: Packages/com.unity.render-pipelines.high-definition/Runtime/RenderPipelineResources/Mesh/Quad.fbx
  artifactKey: Guid(1d5a8595286f94f4bb54171d49f473c3) Importer(815301076,1909f56bfc062723c751e8b465ee728b)
Start importing Packages/com.unity.render-pipelines.high-definition/Runtime/RenderPipelineResources/Mesh/Quad.fbx using Guid(1d5a8595286f94f4bb54171d49f473c3) Importer(815301076,1909f56bfc062723c751e8b465ee728b)  -> (artifact id: '19258846483487067d1359dd45158a51') in 0.049670 seconds
  Import took 0.055074 seconds .

========================================================================
Received Import Request.
  Time since last request: 0.000189 seconds.
  path: Packages/com.unity.searcher/Editor/Resources/FlatSkin/Font/Roboto-LightItalic.ttf
  artifactKey: Guid(5e63515167650a541b309ba3bfd4db3d) Importer(815301076,1909f56bfc062723c751e8b465ee728b)
Start importing Packages/com.unity.searcher/Editor/Resources/FlatSkin/Font/Roboto-LightItalic.ttf using Guid(5e63515167650a541b309ba3bfd4db3d) Importer(815301076,1909f56bfc062723c751e8b465ee728b)  -> (artifact id: '6514469e7d36e1b4dc970c519bf36f4d') in 0.031342 seconds
  Import took 0.036806 seconds .

AssetImportWorkerClient::OnTransportError - code=2 error=End of file
